<?xml version="1.0" encoding="UTF-8"?>
<testsuite name="org.opensearch.consumer.ConsumerClientYamlTestSuiteIT" tests="16" skipped="0" failures="16" errors="0" timestamp="2025-11-27T12:38:16" hostname="tyner" time="1.454">
  <properties/>
  <testcase name="test {yaml=/20_tasks_create/Test consumer creation - Only title}" classname="org.opensearch.consumer.ConsumerClientYamlTestSuiteIT" time="0.673">
    <failure message="java.lang.IllegalArgumentException: API [_plugins.consumer_create] should have the same name as its file [/home/fede/IdeaProjects/opensearch-crud-plugin/consumer/build/resources/yamlRestTest/rest-api-spec/api/_plugins.tasks_create.json]" type="java.lang.IllegalArgumentException">java.lang.IllegalArgumentException: API [_plugins.consumer_create] should have the same name as its file [/home/fede/IdeaProjects/opensearch-crud-plugin/consumer/build/resources/yamlRestTest/rest-api-spec/api/_plugins.tasks_create.json]
	at __randomizedtesting.SeedInfo.seed([CA4D21A15B6C1F5F:42191E7BF59072A7]:0)
	at org.opensearch.test.rest.yaml.restspec.ClientYamlSuiteRestApiParser.parse(ClientYamlSuiteRestApiParser.java:61)
	at org.opensearch.test.rest.yaml.restspec.ClientYamlSuiteRestSpec.parseSpecFile(ClientYamlSuiteRestSpec.java:130)
	at org.opensearch.test.rest.yaml.restspec.ClientYamlSuiteRestSpec.lambda$load$0(ClientYamlSuiteRestSpec.java:110)
	at java.base/java.util.stream.ForEachOps$ForEachOp$OfRef.accept(ForEachOps.java:184)
	at java.base/java.util.stream.ReferencePipeline$3$1.accept(ReferencePipeline.java:197)
	at java.base/java.util.Iterator.forEachRemaining(Iterator.java:133)
	at java.base/java.util.Spliterators$IteratorSpliterator.forEachRemaining(Spliterators.java:1939)
	at java.base/java.util.stream.AbstractPipeline.copyInto(AbstractPipeline.java:509)
	at java.base/java.util.stream.AbstractPipeline.wrapAndCopyInto(AbstractPipeline.java:499)
	at java.base/java.util.stream.ForEachOps$ForEachOp.evaluateSequential(ForEachOps.java:151)
	at java.base/java.util.stream.ForEachOps$ForEachOp$OfRef.evaluateSequential(ForEachOps.java:174)
	at java.base/java.util.stream.AbstractPipeline.evaluate(AbstractPipeline.java:234)
	at java.base/java.util.stream.ReferencePipeline.forEach(ReferencePipeline.java:596)
	at org.opensearch.test.rest.yaml.restspec.ClientYamlSuiteRestSpec.load(ClientYamlSuiteRestSpec.java:108)
	at org.opensearch.test.rest.yaml.OpenSearchClientYamlSuiteTestCase.initAndResetContext(OpenSearchClientYamlSuiteTestCase.java:144)
	at java.base/jdk.internal.reflect.DirectMethodHandleAccessor.invoke(DirectMethodHandleAccessor.java:103)
	at java.base/java.lang.reflect.Method.invoke(Method.java:580)
	at com.carrotsearch.randomizedtesting.RandomizedRunner.invoke(RandomizedRunner.java:1750)
	at com.carrotsearch.randomizedtesting.RandomizedRunner$9.evaluate(RandomizedRunner.java:972)
	at com.carrotsearch.randomizedtesting.RandomizedRunner$10.evaluate(RandomizedRunner.java:988)
	at com.carrotsearch.randomizedtesting.rules.StatementAdapter.evaluate(StatementAdapter.java:36)
	at org.junit.rules.RunRules.evaluate(RunRules.java:20)
	at org.apache.lucene.tests.util.TestRuleSetupTeardownChained$1.evaluate(TestRuleSetupTeardownChained.java:48)
	at org.apache.lucene.tests.util.AbstractBeforeAfterRule$1.evaluate(AbstractBeforeAfterRule.java:43)
	at org.apache.lucene.tests.util.TestRuleThreadAndTestName$1.evaluate(TestRuleThreadAndTestName.java:45)
	at org.apache.lucene.tests.util.TestRuleIgnoreAfterMaxFailures$1.evaluate(TestRuleIgnoreAfterMaxFailures.java:60)
	at org.apache.lucene.tests.util.TestRuleMarkFailure$1.evaluate(TestRuleMarkFailure.java:44)
	at org.junit.rules.RunRules.evaluate(RunRules.java:20)
	at com.carrotsearch.randomizedtesting.rules.StatementAdapter.evaluate(StatementAdapter.java:36)
	at com.carrotsearch.randomizedtesting.ThreadLeakControl$StatementRunner.run(ThreadLeakControl.java:368)
	at com.carrotsearch.randomizedtesting.ThreadLeakControl.forkTimeoutingTask(ThreadLeakControl.java:817)
	at com.carrotsearch.randomizedtesting.ThreadLeakControl$3.evaluate(ThreadLeakControl.java:468)
	at com.carrotsearch.randomizedtesting.RandomizedRunner.runSingleTest(RandomizedRunner.java:947)
	at com.carrotsearch.randomizedtesting.RandomizedRunner$5.evaluate(RandomizedRunner.java:832)
	at com.carrotsearch.randomizedtesting.RandomizedRunner$6.evaluate(RandomizedRunner.java:883)
	at com.carrotsearch.randomizedtesting.RandomizedRunner$7.evaluate(RandomizedRunner.java:894)
	at org.apache.lucene.tests.util.AbstractBeforeAfterRule$1.evaluate(AbstractBeforeAfterRule.java:43)
	at com.carrotsearch.randomizedtesting.rules.StatementAdapter.evaluate(StatementAdapter.java:36)
	at org.apache.lucene.tests.util.TestRuleStoreClassName$1.evaluate(TestRuleStoreClassName.java:38)
	at com.carrotsearch.randomizedtesting.rules.NoShadowingOrOverridesOnMethodsRule$1.evaluate(NoShadowingOrOverridesOnMethodsRule.java:40)
	at com.carrotsearch.randomizedtesting.rules.NoShadowingOrOverridesOnMethodsRule$1.evaluate(NoShadowingOrOverridesOnMethodsRule.java:40)
	at com.carrotsearch.randomizedtesting.rules.StatementAdapter.evaluate(StatementAdapter.java:36)
	at com.carrotsearch.randomizedtesting.rules.StatementAdapter.evaluate(StatementAdapter.java:36)
	at org.apache.lucene.tests.util.TestRuleAssertionsRequired$1.evaluate(TestRuleAssertionsRequired.java:53)
	at org.apache.lucene.tests.util.AbstractBeforeAfterRule$1.evaluate(AbstractBeforeAfterRule.java:43)
	at org.apache.lucene.tests.util.TestRuleMarkFailure$1.evaluate(TestRuleMarkFailure.java:44)
	at org.apache.lucene.tests.util.TestRuleIgnoreAfterMaxFailures$1.evaluate(TestRuleIgnoreAfterMaxFailures.java:60)
	at org.apache.lucene.tests.util.TestRuleIgnoreTestSuites$1.evaluate(TestRuleIgnoreTestSuites.java:47)
	at org.junit.rules.RunRules.evaluate(RunRules.java:20)
	at com.carrotsearch.randomizedtesting.rules.StatementAdapter.evaluate(StatementAdapter.java:36)
	at com.carrotsearch.randomizedtesting.ThreadLeakControl$StatementRunner.run(ThreadLeakControl.java:368)
	at java.base/java.lang.Thread.run(Thread.java:1583)
</failure>
  </testcase>
  <testcase name="test {yaml=/40_tasks_update/Test consumer update - Only status}" classname="org.opensearch.consumer.ConsumerClientYamlTestSuiteIT" time="0.093">
    <failure message="java.lang.IllegalArgumentException: API [_plugins.consumer_create] should have the same name as its file [/home/fede/IdeaProjects/opensearch-crud-plugin/consumer/build/resources/yamlRestTest/rest-api-spec/api/_plugins.tasks_create.json]" type="java.lang.IllegalArgumentException">java.lang.IllegalArgumentException: API [_plugins.consumer_create] should have the same name as its file [/home/fede/IdeaProjects/opensearch-crud-plugin/consumer/build/resources/yamlRestTest/rest-api-spec/api/_plugins.tasks_create.json]
	at __randomizedtesting.SeedInfo.seed([CA4D21A15B6C1F5F:42191E7BF59072A7]:0)
	at org.opensearch.test.rest.yaml.restspec.ClientYamlSuiteRestApiParser.parse(ClientYamlSuiteRestApiParser.java:61)
	at org.opensearch.test.rest.yaml.restspec.ClientYamlSuiteRestSpec.parseSpecFile(ClientYamlSuiteRestSpec.java:130)
	at org.opensearch.test.rest.yaml.restspec.ClientYamlSuiteRestSpec.lambda$load$0(ClientYamlSuiteRestSpec.java:110)
	at java.base/java.util.stream.ForEachOps$ForEachOp$OfRef.accept(ForEachOps.java:184)
	at java.base/java.util.stream.ReferencePipeline$3$1.accept(ReferencePipeline.java:197)
	at java.base/java.util.Iterator.forEachRemaining(Iterator.java:133)
	at java.base/java.util.Spliterators$IteratorSpliterator.forEachRemaining(Spliterators.java:1939)
	at java.base/java.util.stream.AbstractPipeline.copyInto(AbstractPipeline.java:509)
	at java.base/java.util.stream.AbstractPipeline.wrapAndCopyInto(AbstractPipeline.java:499)
	at java.base/java.util.stream.ForEachOps$ForEachOp.evaluateSequential(ForEachOps.java:151)
	at java.base/java.util.stream.ForEachOps$ForEachOp$OfRef.evaluateSequential(ForEachOps.java:174)
	at java.base/java.util.stream.AbstractPipeline.evaluate(AbstractPipeline.java:234)
	at java.base/java.util.stream.ReferencePipeline.forEach(ReferencePipeline.java:596)
	at org.opensearch.test.rest.yaml.restspec.ClientYamlSuiteRestSpec.load(ClientYamlSuiteRestSpec.java:108)
	at org.opensearch.test.rest.yaml.OpenSearchClientYamlSuiteTestCase.initAndResetContext(OpenSearchClientYamlSuiteTestCase.java:144)
	at java.base/jdk.internal.reflect.DirectMethodHandleAccessor.invoke(DirectMethodHandleAccessor.java:103)
	at java.base/java.lang.reflect.Method.invoke(Method.java:580)
	at com.carrotsearch.randomizedtesting.RandomizedRunner.invoke(RandomizedRunner.java:1750)
	at com.carrotsearch.randomizedtesting.RandomizedRunner$9.evaluate(RandomizedRunner.java:972)
	at com.carrotsearch.randomizedtesting.RandomizedRunner$10.evaluate(RandomizedRunner.java:988)
	at com.carrotsearch.randomizedtesting.rules.StatementAdapter.evaluate(StatementAdapter.java:36)
	at org.junit.rules.RunRules.evaluate(RunRules.java:20)
	at org.apache.lucene.tests.util.TestRuleSetupTeardownChained$1.evaluate(TestRuleSetupTeardownChained.java:48)
	at org.apache.lucene.tests.util.AbstractBeforeAfterRule$1.evaluate(AbstractBeforeAfterRule.java:43)
	at org.apache.lucene.tests.util.TestRuleThreadAndTestName$1.evaluate(TestRuleThreadAndTestName.java:45)
	at org.apache.lucene.tests.util.TestRuleIgnoreAfterMaxFailures$1.evaluate(TestRuleIgnoreAfterMaxFailures.java:60)
	at org.apache.lucene.tests.util.TestRuleMarkFailure$1.evaluate(TestRuleMarkFailure.java:44)
	at org.junit.rules.RunRules.evaluate(RunRules.java:20)
	at com.carrotsearch.randomizedtesting.rules.StatementAdapter.evaluate(StatementAdapter.java:36)
	at com.carrotsearch.randomizedtesting.ThreadLeakControl$StatementRunner.run(ThreadLeakControl.java:368)
	at com.carrotsearch.randomizedtesting.ThreadLeakControl.forkTimeoutingTask(ThreadLeakControl.java:817)
	at com.carrotsearch.randomizedtesting.ThreadLeakControl$3.evaluate(ThreadLeakControl.java:468)
	at com.carrotsearch.randomizedtesting.RandomizedRunner.runSingleTest(RandomizedRunner.java:947)
	at com.carrotsearch.randomizedtesting.RandomizedRunner$5.evaluate(RandomizedRunner.java:832)
	at com.carrotsearch.randomizedtesting.RandomizedRunner$6.evaluate(RandomizedRunner.java:883)
	at com.carrotsearch.randomizedtesting.RandomizedRunner$7.evaluate(RandomizedRunner.java:894)
	at org.apache.lucene.tests.util.AbstractBeforeAfterRule$1.evaluate(AbstractBeforeAfterRule.java:43)
	at com.carrotsearch.randomizedtesting.rules.StatementAdapter.evaluate(StatementAdapter.java:36)
	at org.apache.lucene.tests.util.TestRuleStoreClassName$1.evaluate(TestRuleStoreClassName.java:38)
	at com.carrotsearch.randomizedtesting.rules.NoShadowingOrOverridesOnMethodsRule$1.evaluate(NoShadowingOrOverridesOnMethodsRule.java:40)
	at com.carrotsearch.randomizedtesting.rules.NoShadowingOrOverridesOnMethodsRule$1.evaluate(NoShadowingOrOverridesOnMethodsRule.java:40)
	at com.carrotsearch.randomizedtesting.rules.StatementAdapter.evaluate(StatementAdapter.java:36)
	at com.carrotsearch.randomizedtesting.rules.StatementAdapter.evaluate(StatementAdapter.java:36)
	at org.apache.lucene.tests.util.TestRuleAssertionsRequired$1.evaluate(TestRuleAssertionsRequired.java:53)
	at org.apache.lucene.tests.util.AbstractBeforeAfterRule$1.evaluate(AbstractBeforeAfterRule.java:43)
	at org.apache.lucene.tests.util.TestRuleMarkFailure$1.evaluate(TestRuleMarkFailure.java:44)
	at org.apache.lucene.tests.util.TestRuleIgnoreAfterMaxFailures$1.evaluate(TestRuleIgnoreAfterMaxFailures.java:60)
	at org.apache.lucene.tests.util.TestRuleIgnoreTestSuites$1.evaluate(TestRuleIgnoreTestSuites.java:47)
	at org.junit.rules.RunRules.evaluate(RunRules.java:20)
	at com.carrotsearch.randomizedtesting.rules.StatementAdapter.evaluate(StatementAdapter.java:36)
	at com.carrotsearch.randomizedtesting.ThreadLeakControl$StatementRunner.run(ThreadLeakControl.java:368)
	at java.base/java.lang.Thread.run(Thread.java:1583)
</failure>
  </testcase>
  <testcase name="test {yaml=/40_tasks_update/Test consumer update - Non-existent consumer}" classname="org.opensearch.consumer.ConsumerClientYamlTestSuiteIT" time="0.054">
    <failure message="java.lang.IllegalArgumentException: API [_plugins.consumer_create] should have the same name as its file [/home/fede/IdeaProjects/opensearch-crud-plugin/consumer/build/resources/yamlRestTest/rest-api-spec/api/_plugins.tasks_create.json]" type="java.lang.IllegalArgumentException">java.lang.IllegalArgumentException: API [_plugins.consumer_create] should have the same name as its file [/home/fede/IdeaProjects/opensearch-crud-plugin/consumer/build/resources/yamlRestTest/rest-api-spec/api/_plugins.tasks_create.json]
	at __randomizedtesting.SeedInfo.seed([CA4D21A15B6C1F5F:42191E7BF59072A7]:0)
	at org.opensearch.test.rest.yaml.restspec.ClientYamlSuiteRestApiParser.parse(ClientYamlSuiteRestApiParser.java:61)
	at org.opensearch.test.rest.yaml.restspec.ClientYamlSuiteRestSpec.parseSpecFile(ClientYamlSuiteRestSpec.java:130)
	at org.opensearch.test.rest.yaml.restspec.ClientYamlSuiteRestSpec.lambda$load$0(ClientYamlSuiteRestSpec.java:110)
	at java.base/java.util.stream.ForEachOps$ForEachOp$OfRef.accept(ForEachOps.java:184)
	at java.base/java.util.stream.ReferencePipeline$3$1.accept(ReferencePipeline.java:197)
	at java.base/java.util.Iterator.forEachRemaining(Iterator.java:133)
	at java.base/java.util.Spliterators$IteratorSpliterator.forEachRemaining(Spliterators.java:1939)
	at java.base/java.util.stream.AbstractPipeline.copyInto(AbstractPipeline.java:509)
	at java.base/java.util.stream.AbstractPipeline.wrapAndCopyInto(AbstractPipeline.java:499)
	at java.base/java.util.stream.ForEachOps$ForEachOp.evaluateSequential(ForEachOps.java:151)
	at java.base/java.util.stream.ForEachOps$ForEachOp$OfRef.evaluateSequential(ForEachOps.java:174)
	at java.base/java.util.stream.AbstractPipeline.evaluate(AbstractPipeline.java:234)
	at java.base/java.util.stream.ReferencePipeline.forEach(ReferencePipeline.java:596)
	at org.opensearch.test.rest.yaml.restspec.ClientYamlSuiteRestSpec.load(ClientYamlSuiteRestSpec.java:108)
	at org.opensearch.test.rest.yaml.OpenSearchClientYamlSuiteTestCase.initAndResetContext(OpenSearchClientYamlSuiteTestCase.java:144)
	at java.base/jdk.internal.reflect.DirectMethodHandleAccessor.invoke(DirectMethodHandleAccessor.java:103)
	at java.base/java.lang.reflect.Method.invoke(Method.java:580)
	at com.carrotsearch.randomizedtesting.RandomizedRunner.invoke(RandomizedRunner.java:1750)
	at com.carrotsearch.randomizedtesting.RandomizedRunner$9.evaluate(RandomizedRunner.java:972)
	at com.carrotsearch.randomizedtesting.RandomizedRunner$10.evaluate(RandomizedRunner.java:988)
	at com.carrotsearch.randomizedtesting.rules.StatementAdapter.evaluate(StatementAdapter.java:36)
	at org.junit.rules.RunRules.evaluate(RunRules.java:20)
	at org.apache.lucene.tests.util.TestRuleSetupTeardownChained$1.evaluate(TestRuleSetupTeardownChained.java:48)
	at org.apache.lucene.tests.util.AbstractBeforeAfterRule$1.evaluate(AbstractBeforeAfterRule.java:43)
	at org.apache.lucene.tests.util.TestRuleThreadAndTestName$1.evaluate(TestRuleThreadAndTestName.java:45)
	at org.apache.lucene.tests.util.TestRuleIgnoreAfterMaxFailures$1.evaluate(TestRuleIgnoreAfterMaxFailures.java:60)
	at org.apache.lucene.tests.util.TestRuleMarkFailure$1.evaluate(TestRuleMarkFailure.java:44)
	at org.junit.rules.RunRules.evaluate(RunRules.java:20)
	at com.carrotsearch.randomizedtesting.rules.StatementAdapter.evaluate(StatementAdapter.java:36)
	at com.carrotsearch.randomizedtesting.ThreadLeakControl$StatementRunner.run(ThreadLeakControl.java:368)
	at com.carrotsearch.randomizedtesting.ThreadLeakControl.forkTimeoutingTask(ThreadLeakControl.java:817)
	at com.carrotsearch.randomizedtesting.ThreadLeakControl$3.evaluate(ThreadLeakControl.java:468)
	at com.carrotsearch.randomizedtesting.RandomizedRunner.runSingleTest(RandomizedRunner.java:947)
	at com.carrotsearch.randomizedtesting.RandomizedRunner$5.evaluate(RandomizedRunner.java:832)
	at com.carrotsearch.randomizedtesting.RandomizedRunner$6.evaluate(RandomizedRunner.java:883)
	at com.carrotsearch.randomizedtesting.RandomizedRunner$7.evaluate(RandomizedRunner.java:894)
	at org.apache.lucene.tests.util.AbstractBeforeAfterRule$1.evaluate(AbstractBeforeAfterRule.java:43)
	at com.carrotsearch.randomizedtesting.rules.StatementAdapter.evaluate(StatementAdapter.java:36)
	at org.apache.lucene.tests.util.TestRuleStoreClassName$1.evaluate(TestRuleStoreClassName.java:38)
	at com.carrotsearch.randomizedtesting.rules.NoShadowingOrOverridesOnMethodsRule$1.evaluate(NoShadowingOrOverridesOnMethodsRule.java:40)
	at com.carrotsearch.randomizedtesting.rules.NoShadowingOrOverridesOnMethodsRule$1.evaluate(NoShadowingOrOverridesOnMethodsRule.java:40)
	at com.carrotsearch.randomizedtesting.rules.StatementAdapter.evaluate(StatementAdapter.java:36)
	at com.carrotsearch.randomizedtesting.rules.StatementAdapter.evaluate(StatementAdapter.java:36)
	at org.apache.lucene.tests.util.TestRuleAssertionsRequired$1.evaluate(TestRuleAssertionsRequired.java:53)
	at org.apache.lucene.tests.util.AbstractBeforeAfterRule$1.evaluate(AbstractBeforeAfterRule.java:43)
	at org.apache.lucene.tests.util.TestRuleMarkFailure$1.evaluate(TestRuleMarkFailure.java:44)
	at org.apache.lucene.tests.util.TestRuleIgnoreAfterMaxFailures$1.evaluate(TestRuleIgnoreAfterMaxFailures.java:60)
	at org.apache.lucene.tests.util.TestRuleIgnoreTestSuites$1.evaluate(TestRuleIgnoreTestSuites.java:47)
	at org.junit.rules.RunRules.evaluate(RunRules.java:20)
	at com.carrotsearch.randomizedtesting.rules.StatementAdapter.evaluate(StatementAdapter.java:36)
	at com.carrotsearch.randomizedtesting.ThreadLeakControl$StatementRunner.run(ThreadLeakControl.java:368)
	at java.base/java.lang.Thread.run(Thread.java:1583)
</failure>
  </testcase>
  <testcase name="test {yaml=/30_tasks_read/Test consumer read - Non-existent consumer}" classname="org.opensearch.consumer.ConsumerClientYamlTestSuiteIT" time="0.06">
    <failure message="java.lang.IllegalArgumentException: API [_plugins.consumer_create] should have the same name as its file [/home/fede/IdeaProjects/opensearch-crud-plugin/consumer/build/resources/yamlRestTest/rest-api-spec/api/_plugins.tasks_create.json]" type="java.lang.IllegalArgumentException">java.lang.IllegalArgumentException: API [_plugins.consumer_create] should have the same name as its file [/home/fede/IdeaProjects/opensearch-crud-plugin/consumer/build/resources/yamlRestTest/rest-api-spec/api/_plugins.tasks_create.json]
	at __randomizedtesting.SeedInfo.seed([CA4D21A15B6C1F5F:42191E7BF59072A7]:0)
	at org.opensearch.test.rest.yaml.restspec.ClientYamlSuiteRestApiParser.parse(ClientYamlSuiteRestApiParser.java:61)
	at org.opensearch.test.rest.yaml.restspec.ClientYamlSuiteRestSpec.parseSpecFile(ClientYamlSuiteRestSpec.java:130)
	at org.opensearch.test.rest.yaml.restspec.ClientYamlSuiteRestSpec.lambda$load$0(ClientYamlSuiteRestSpec.java:110)
	at java.base/java.util.stream.ForEachOps$ForEachOp$OfRef.accept(ForEachOps.java:184)
	at java.base/java.util.stream.ReferencePipeline$3$1.accept(ReferencePipeline.java:197)
	at java.base/java.util.Iterator.forEachRemaining(Iterator.java:133)
	at java.base/java.util.Spliterators$IteratorSpliterator.forEachRemaining(Spliterators.java:1939)
	at java.base/java.util.stream.AbstractPipeline.copyInto(AbstractPipeline.java:509)
	at java.base/java.util.stream.AbstractPipeline.wrapAndCopyInto(AbstractPipeline.java:499)
	at java.base/java.util.stream.ForEachOps$ForEachOp.evaluateSequential(ForEachOps.java:151)
	at java.base/java.util.stream.ForEachOps$ForEachOp$OfRef.evaluateSequential(ForEachOps.java:174)
	at java.base/java.util.stream.AbstractPipeline.evaluate(AbstractPipeline.java:234)
	at java.base/java.util.stream.ReferencePipeline.forEach(ReferencePipeline.java:596)
	at org.opensearch.test.rest.yaml.restspec.ClientYamlSuiteRestSpec.load(ClientYamlSuiteRestSpec.java:108)
	at org.opensearch.test.rest.yaml.OpenSearchClientYamlSuiteTestCase.initAndResetContext(OpenSearchClientYamlSuiteTestCase.java:144)
	at java.base/jdk.internal.reflect.DirectMethodHandleAccessor.invoke(DirectMethodHandleAccessor.java:103)
	at java.base/java.lang.reflect.Method.invoke(Method.java:580)
	at com.carrotsearch.randomizedtesting.RandomizedRunner.invoke(RandomizedRunner.java:1750)
	at com.carrotsearch.randomizedtesting.RandomizedRunner$9.evaluate(RandomizedRunner.java:972)
	at com.carrotsearch.randomizedtesting.RandomizedRunner$10.evaluate(RandomizedRunner.java:988)
	at com.carrotsearch.randomizedtesting.rules.StatementAdapter.evaluate(StatementAdapter.java:36)
	at org.junit.rules.RunRules.evaluate(RunRules.java:20)
	at org.apache.lucene.tests.util.TestRuleSetupTeardownChained$1.evaluate(TestRuleSetupTeardownChained.java:48)
	at org.apache.lucene.tests.util.AbstractBeforeAfterRule$1.evaluate(AbstractBeforeAfterRule.java:43)
	at org.apache.lucene.tests.util.TestRuleThreadAndTestName$1.evaluate(TestRuleThreadAndTestName.java:45)
	at org.apache.lucene.tests.util.TestRuleIgnoreAfterMaxFailures$1.evaluate(TestRuleIgnoreAfterMaxFailures.java:60)
	at org.apache.lucene.tests.util.TestRuleMarkFailure$1.evaluate(TestRuleMarkFailure.java:44)
	at org.junit.rules.RunRules.evaluate(RunRules.java:20)
	at com.carrotsearch.randomizedtesting.rules.StatementAdapter.evaluate(StatementAdapter.java:36)
	at com.carrotsearch.randomizedtesting.ThreadLeakControl$StatementRunner.run(ThreadLeakControl.java:368)
	at com.carrotsearch.randomizedtesting.ThreadLeakControl.forkTimeoutingTask(ThreadLeakControl.java:817)
	at com.carrotsearch.randomizedtesting.ThreadLeakControl$3.evaluate(ThreadLeakControl.java:468)
	at com.carrotsearch.randomizedtesting.RandomizedRunner.runSingleTest(RandomizedRunner.java:947)
	at com.carrotsearch.randomizedtesting.RandomizedRunner$5.evaluate(RandomizedRunner.java:832)
	at com.carrotsearch.randomizedtesting.RandomizedRunner$6.evaluate(RandomizedRunner.java:883)
	at com.carrotsearch.randomizedtesting.RandomizedRunner$7.evaluate(RandomizedRunner.java:894)
	at org.apache.lucene.tests.util.AbstractBeforeAfterRule$1.evaluate(AbstractBeforeAfterRule.java:43)
	at com.carrotsearch.randomizedtesting.rules.StatementAdapter.evaluate(StatementAdapter.java:36)
	at org.apache.lucene.tests.util.TestRuleStoreClassName$1.evaluate(TestRuleStoreClassName.java:38)
	at com.carrotsearch.randomizedtesting.rules.NoShadowingOrOverridesOnMethodsRule$1.evaluate(NoShadowingOrOverridesOnMethodsRule.java:40)
	at com.carrotsearch.randomizedtesting.rules.NoShadowingOrOverridesOnMethodsRule$1.evaluate(NoShadowingOrOverridesOnMethodsRule.java:40)
	at com.carrotsearch.randomizedtesting.rules.StatementAdapter.evaluate(StatementAdapter.java:36)
	at com.carrotsearch.randomizedtesting.rules.StatementAdapter.evaluate(StatementAdapter.java:36)
	at org.apache.lucene.tests.util.TestRuleAssertionsRequired$1.evaluate(TestRuleAssertionsRequired.java:53)
	at org.apache.lucene.tests.util.AbstractBeforeAfterRule$1.evaluate(AbstractBeforeAfterRule.java:43)
	at org.apache.lucene.tests.util.TestRuleMarkFailure$1.evaluate(TestRuleMarkFailure.java:44)
	at org.apache.lucene.tests.util.TestRuleIgnoreAfterMaxFailures$1.evaluate(TestRuleIgnoreAfterMaxFailures.java:60)
	at org.apache.lucene.tests.util.TestRuleIgnoreTestSuites$1.evaluate(TestRuleIgnoreTestSuites.java:47)
	at org.junit.rules.RunRules.evaluate(RunRules.java:20)
	at com.carrotsearch.randomizedtesting.rules.StatementAdapter.evaluate(StatementAdapter.java:36)
	at com.carrotsearch.randomizedtesting.ThreadLeakControl$StatementRunner.run(ThreadLeakControl.java:368)
	at java.base/java.lang.Thread.run(Thread.java:1583)
</failure>
  </testcase>
  <testcase name="test {yaml=/40_tasks_update/Test consumer update - Title, description and status}" classname="org.opensearch.consumer.ConsumerClientYamlTestSuiteIT" time="0.064">
    <failure message="java.lang.IllegalArgumentException: API [_plugins.consumer_create] should have the same name as its file [/home/fede/IdeaProjects/opensearch-crud-plugin/consumer/build/resources/yamlRestTest/rest-api-spec/api/_plugins.tasks_create.json]" type="java.lang.IllegalArgumentException">java.lang.IllegalArgumentException: API [_plugins.consumer_create] should have the same name as its file [/home/fede/IdeaProjects/opensearch-crud-plugin/consumer/build/resources/yamlRestTest/rest-api-spec/api/_plugins.tasks_create.json]
	at __randomizedtesting.SeedInfo.seed([CA4D21A15B6C1F5F:42191E7BF59072A7]:0)
	at org.opensearch.test.rest.yaml.restspec.ClientYamlSuiteRestApiParser.parse(ClientYamlSuiteRestApiParser.java:61)
	at org.opensearch.test.rest.yaml.restspec.ClientYamlSuiteRestSpec.parseSpecFile(ClientYamlSuiteRestSpec.java:130)
	at org.opensearch.test.rest.yaml.restspec.ClientYamlSuiteRestSpec.lambda$load$0(ClientYamlSuiteRestSpec.java:110)
	at java.base/java.util.stream.ForEachOps$ForEachOp$OfRef.accept(ForEachOps.java:184)
	at java.base/java.util.stream.ReferencePipeline$3$1.accept(ReferencePipeline.java:197)
	at java.base/java.util.Iterator.forEachRemaining(Iterator.java:133)
	at java.base/java.util.Spliterators$IteratorSpliterator.forEachRemaining(Spliterators.java:1939)
	at java.base/java.util.stream.AbstractPipeline.copyInto(AbstractPipeline.java:509)
	at java.base/java.util.stream.AbstractPipeline.wrapAndCopyInto(AbstractPipeline.java:499)
	at java.base/java.util.stream.ForEachOps$ForEachOp.evaluateSequential(ForEachOps.java:151)
	at java.base/java.util.stream.ForEachOps$ForEachOp$OfRef.evaluateSequential(ForEachOps.java:174)
	at java.base/java.util.stream.AbstractPipeline.evaluate(AbstractPipeline.java:234)
	at java.base/java.util.stream.ReferencePipeline.forEach(ReferencePipeline.java:596)
	at org.opensearch.test.rest.yaml.restspec.ClientYamlSuiteRestSpec.load(ClientYamlSuiteRestSpec.java:108)
	at org.opensearch.test.rest.yaml.OpenSearchClientYamlSuiteTestCase.initAndResetContext(OpenSearchClientYamlSuiteTestCase.java:144)
	at java.base/jdk.internal.reflect.DirectMethodHandleAccessor.invoke(DirectMethodHandleAccessor.java:103)
	at java.base/java.lang.reflect.Method.invoke(Method.java:580)
	at com.carrotsearch.randomizedtesting.RandomizedRunner.invoke(RandomizedRunner.java:1750)
	at com.carrotsearch.randomizedtesting.RandomizedRunner$9.evaluate(RandomizedRunner.java:972)
	at com.carrotsearch.randomizedtesting.RandomizedRunner$10.evaluate(RandomizedRunner.java:988)
	at com.carrotsearch.randomizedtesting.rules.StatementAdapter.evaluate(StatementAdapter.java:36)
	at org.junit.rules.RunRules.evaluate(RunRules.java:20)
	at org.apache.lucene.tests.util.TestRuleSetupTeardownChained$1.evaluate(TestRuleSetupTeardownChained.java:48)
	at org.apache.lucene.tests.util.AbstractBeforeAfterRule$1.evaluate(AbstractBeforeAfterRule.java:43)
	at org.apache.lucene.tests.util.TestRuleThreadAndTestName$1.evaluate(TestRuleThreadAndTestName.java:45)
	at org.apache.lucene.tests.util.TestRuleIgnoreAfterMaxFailures$1.evaluate(TestRuleIgnoreAfterMaxFailures.java:60)
	at org.apache.lucene.tests.util.TestRuleMarkFailure$1.evaluate(TestRuleMarkFailure.java:44)
	at org.junit.rules.RunRules.evaluate(RunRules.java:20)
	at com.carrotsearch.randomizedtesting.rules.StatementAdapter.evaluate(StatementAdapter.java:36)
	at com.carrotsearch.randomizedtesting.ThreadLeakControl$StatementRunner.run(ThreadLeakControl.java:368)
	at com.carrotsearch.randomizedtesting.ThreadLeakControl.forkTimeoutingTask(ThreadLeakControl.java:817)
	at com.carrotsearch.randomizedtesting.ThreadLeakControl$3.evaluate(ThreadLeakControl.java:468)
	at com.carrotsearch.randomizedtesting.RandomizedRunner.runSingleTest(RandomizedRunner.java:947)
	at com.carrotsearch.randomizedtesting.RandomizedRunner$5.evaluate(RandomizedRunner.java:832)
	at com.carrotsearch.randomizedtesting.RandomizedRunner$6.evaluate(RandomizedRunner.java:883)
	at com.carrotsearch.randomizedtesting.RandomizedRunner$7.evaluate(RandomizedRunner.java:894)
	at org.apache.lucene.tests.util.AbstractBeforeAfterRule$1.evaluate(AbstractBeforeAfterRule.java:43)
	at com.carrotsearch.randomizedtesting.rules.StatementAdapter.evaluate(StatementAdapter.java:36)
	at org.apache.lucene.tests.util.TestRuleStoreClassName$1.evaluate(TestRuleStoreClassName.java:38)
	at com.carrotsearch.randomizedtesting.rules.NoShadowingOrOverridesOnMethodsRule$1.evaluate(NoShadowingOrOverridesOnMethodsRule.java:40)
	at com.carrotsearch.randomizedtesting.rules.NoShadowingOrOverridesOnMethodsRule$1.evaluate(NoShadowingOrOverridesOnMethodsRule.java:40)
	at com.carrotsearch.randomizedtesting.rules.StatementAdapter.evaluate(StatementAdapter.java:36)
	at com.carrotsearch.randomizedtesting.rules.StatementAdapter.evaluate(StatementAdapter.java:36)
	at org.apache.lucene.tests.util.TestRuleAssertionsRequired$1.evaluate(TestRuleAssertionsRequired.java:53)
	at org.apache.lucene.tests.util.AbstractBeforeAfterRule$1.evaluate(AbstractBeforeAfterRule.java:43)
	at org.apache.lucene.tests.util.TestRuleMarkFailure$1.evaluate(TestRuleMarkFailure.java:44)
	at org.apache.lucene.tests.util.TestRuleIgnoreAfterMaxFailures$1.evaluate(TestRuleIgnoreAfterMaxFailures.java:60)
	at org.apache.lucene.tests.util.TestRuleIgnoreTestSuites$1.evaluate(TestRuleIgnoreTestSuites.java:47)
	at org.junit.rules.RunRules.evaluate(RunRules.java:20)
	at com.carrotsearch.randomizedtesting.rules.StatementAdapter.evaluate(StatementAdapter.java:36)
	at com.carrotsearch.randomizedtesting.ThreadLeakControl$StatementRunner.run(ThreadLeakControl.java:368)
	at java.base/java.lang.Thread.run(Thread.java:1583)
</failure>
  </testcase>
  <testcase name="test {yaml=/40_tasks_update/Test consumer update - Only title}" classname="org.opensearch.consumer.ConsumerClientYamlTestSuiteIT" time="0.061">
    <failure message="java.lang.IllegalArgumentException: API [_plugins.consumer_create] should have the same name as its file [/home/fede/IdeaProjects/opensearch-crud-plugin/consumer/build/resources/yamlRestTest/rest-api-spec/api/_plugins.tasks_create.json]" type="java.lang.IllegalArgumentException">java.lang.IllegalArgumentException: API [_plugins.consumer_create] should have the same name as its file [/home/fede/IdeaProjects/opensearch-crud-plugin/consumer/build/resources/yamlRestTest/rest-api-spec/api/_plugins.tasks_create.json]
	at __randomizedtesting.SeedInfo.seed([CA4D21A15B6C1F5F:42191E7BF59072A7]:0)
	at org.opensearch.test.rest.yaml.restspec.ClientYamlSuiteRestApiParser.parse(ClientYamlSuiteRestApiParser.java:61)
	at org.opensearch.test.rest.yaml.restspec.ClientYamlSuiteRestSpec.parseSpecFile(ClientYamlSuiteRestSpec.java:130)
	at org.opensearch.test.rest.yaml.restspec.ClientYamlSuiteRestSpec.lambda$load$0(ClientYamlSuiteRestSpec.java:110)
	at java.base/java.util.stream.ForEachOps$ForEachOp$OfRef.accept(ForEachOps.java:184)
	at java.base/java.util.stream.ReferencePipeline$3$1.accept(ReferencePipeline.java:197)
	at java.base/java.util.Iterator.forEachRemaining(Iterator.java:133)
	at java.base/java.util.Spliterators$IteratorSpliterator.forEachRemaining(Spliterators.java:1939)
	at java.base/java.util.stream.AbstractPipeline.copyInto(AbstractPipeline.java:509)
	at java.base/java.util.stream.AbstractPipeline.wrapAndCopyInto(AbstractPipeline.java:499)
	at java.base/java.util.stream.ForEachOps$ForEachOp.evaluateSequential(ForEachOps.java:151)
	at java.base/java.util.stream.ForEachOps$ForEachOp$OfRef.evaluateSequential(ForEachOps.java:174)
	at java.base/java.util.stream.AbstractPipeline.evaluate(AbstractPipeline.java:234)
	at java.base/java.util.stream.ReferencePipeline.forEach(ReferencePipeline.java:596)
	at org.opensearch.test.rest.yaml.restspec.ClientYamlSuiteRestSpec.load(ClientYamlSuiteRestSpec.java:108)
	at org.opensearch.test.rest.yaml.OpenSearchClientYamlSuiteTestCase.initAndResetContext(OpenSearchClientYamlSuiteTestCase.java:144)
	at java.base/jdk.internal.reflect.DirectMethodHandleAccessor.invoke(DirectMethodHandleAccessor.java:103)
	at java.base/java.lang.reflect.Method.invoke(Method.java:580)
	at com.carrotsearch.randomizedtesting.RandomizedRunner.invoke(RandomizedRunner.java:1750)
	at com.carrotsearch.randomizedtesting.RandomizedRunner$9.evaluate(RandomizedRunner.java:972)
	at com.carrotsearch.randomizedtesting.RandomizedRunner$10.evaluate(RandomizedRunner.java:988)
	at com.carrotsearch.randomizedtesting.rules.StatementAdapter.evaluate(StatementAdapter.java:36)
	at org.junit.rules.RunRules.evaluate(RunRules.java:20)
	at org.apache.lucene.tests.util.TestRuleSetupTeardownChained$1.evaluate(TestRuleSetupTeardownChained.java:48)
	at org.apache.lucene.tests.util.AbstractBeforeAfterRule$1.evaluate(AbstractBeforeAfterRule.java:43)
	at org.apache.lucene.tests.util.TestRuleThreadAndTestName$1.evaluate(TestRuleThreadAndTestName.java:45)
	at org.apache.lucene.tests.util.TestRuleIgnoreAfterMaxFailures$1.evaluate(TestRuleIgnoreAfterMaxFailures.java:60)
	at org.apache.lucene.tests.util.TestRuleMarkFailure$1.evaluate(TestRuleMarkFailure.java:44)
	at org.junit.rules.RunRules.evaluate(RunRules.java:20)
	at com.carrotsearch.randomizedtesting.rules.StatementAdapter.evaluate(StatementAdapter.java:36)
	at com.carrotsearch.randomizedtesting.ThreadLeakControl$StatementRunner.run(ThreadLeakControl.java:368)
	at com.carrotsearch.randomizedtesting.ThreadLeakControl.forkTimeoutingTask(ThreadLeakControl.java:817)
	at com.carrotsearch.randomizedtesting.ThreadLeakControl$3.evaluate(ThreadLeakControl.java:468)
	at com.carrotsearch.randomizedtesting.RandomizedRunner.runSingleTest(RandomizedRunner.java:947)
	at com.carrotsearch.randomizedtesting.RandomizedRunner$5.evaluate(RandomizedRunner.java:832)
	at com.carrotsearch.randomizedtesting.RandomizedRunner$6.evaluate(RandomizedRunner.java:883)
	at com.carrotsearch.randomizedtesting.RandomizedRunner$7.evaluate(RandomizedRunner.java:894)
	at org.apache.lucene.tests.util.AbstractBeforeAfterRule$1.evaluate(AbstractBeforeAfterRule.java:43)
	at com.carrotsearch.randomizedtesting.rules.StatementAdapter.evaluate(StatementAdapter.java:36)
	at org.apache.lucene.tests.util.TestRuleStoreClassName$1.evaluate(TestRuleStoreClassName.java:38)
	at com.carrotsearch.randomizedtesting.rules.NoShadowingOrOverridesOnMethodsRule$1.evaluate(NoShadowingOrOverridesOnMethodsRule.java:40)
	at com.carrotsearch.randomizedtesting.rules.NoShadowingOrOverridesOnMethodsRule$1.evaluate(NoShadowingOrOverridesOnMethodsRule.java:40)
	at com.carrotsearch.randomizedtesting.rules.StatementAdapter.evaluate(StatementAdapter.java:36)
	at com.carrotsearch.randomizedtesting.rules.StatementAdapter.evaluate(StatementAdapter.java:36)
	at org.apache.lucene.tests.util.TestRuleAssertionsRequired$1.evaluate(TestRuleAssertionsRequired.java:53)
	at org.apache.lucene.tests.util.AbstractBeforeAfterRule$1.evaluate(AbstractBeforeAfterRule.java:43)
	at org.apache.lucene.tests.util.TestRuleMarkFailure$1.evaluate(TestRuleMarkFailure.java:44)
	at org.apache.lucene.tests.util.TestRuleIgnoreAfterMaxFailures$1.evaluate(TestRuleIgnoreAfterMaxFailures.java:60)
	at org.apache.lucene.tests.util.TestRuleIgnoreTestSuites$1.evaluate(TestRuleIgnoreTestSuites.java:47)
	at org.junit.rules.RunRules.evaluate(RunRules.java:20)
	at com.carrotsearch.randomizedtesting.rules.StatementAdapter.evaluate(StatementAdapter.java:36)
	at com.carrotsearch.randomizedtesting.ThreadLeakControl$StatementRunner.run(ThreadLeakControl.java:368)
	at java.base/java.lang.Thread.run(Thread.java:1583)
</failure>
  </testcase>
  <testcase name="test {yaml=/40_tasks_update/Test consumer update - Title and status}" classname="org.opensearch.consumer.ConsumerClientYamlTestSuiteIT" time="0.055">
    <failure message="java.lang.IllegalArgumentException: API [_plugins.consumer_create] should have the same name as its file [/home/fede/IdeaProjects/opensearch-crud-plugin/consumer/build/resources/yamlRestTest/rest-api-spec/api/_plugins.tasks_create.json]" type="java.lang.IllegalArgumentException">java.lang.IllegalArgumentException: API [_plugins.consumer_create] should have the same name as its file [/home/fede/IdeaProjects/opensearch-crud-plugin/consumer/build/resources/yamlRestTest/rest-api-spec/api/_plugins.tasks_create.json]
	at __randomizedtesting.SeedInfo.seed([CA4D21A15B6C1F5F:42191E7BF59072A7]:0)
	at org.opensearch.test.rest.yaml.restspec.ClientYamlSuiteRestApiParser.parse(ClientYamlSuiteRestApiParser.java:61)
	at org.opensearch.test.rest.yaml.restspec.ClientYamlSuiteRestSpec.parseSpecFile(ClientYamlSuiteRestSpec.java:130)
	at org.opensearch.test.rest.yaml.restspec.ClientYamlSuiteRestSpec.lambda$load$0(ClientYamlSuiteRestSpec.java:110)
	at java.base/java.util.stream.ForEachOps$ForEachOp$OfRef.accept(ForEachOps.java:184)
	at java.base/java.util.stream.ReferencePipeline$3$1.accept(ReferencePipeline.java:197)
	at java.base/java.util.Iterator.forEachRemaining(Iterator.java:133)
	at java.base/java.util.Spliterators$IteratorSpliterator.forEachRemaining(Spliterators.java:1939)
	at java.base/java.util.stream.AbstractPipeline.copyInto(AbstractPipeline.java:509)
	at java.base/java.util.stream.AbstractPipeline.wrapAndCopyInto(AbstractPipeline.java:499)
	at java.base/java.util.stream.ForEachOps$ForEachOp.evaluateSequential(ForEachOps.java:151)
	at java.base/java.util.stream.ForEachOps$ForEachOp$OfRef.evaluateSequential(ForEachOps.java:174)
	at java.base/java.util.stream.AbstractPipeline.evaluate(AbstractPipeline.java:234)
	at java.base/java.util.stream.ReferencePipeline.forEach(ReferencePipeline.java:596)
	at org.opensearch.test.rest.yaml.restspec.ClientYamlSuiteRestSpec.load(ClientYamlSuiteRestSpec.java:108)
	at org.opensearch.test.rest.yaml.OpenSearchClientYamlSuiteTestCase.initAndResetContext(OpenSearchClientYamlSuiteTestCase.java:144)
	at java.base/jdk.internal.reflect.DirectMethodHandleAccessor.invoke(DirectMethodHandleAccessor.java:103)
	at java.base/java.lang.reflect.Method.invoke(Method.java:580)
	at com.carrotsearch.randomizedtesting.RandomizedRunner.invoke(RandomizedRunner.java:1750)
	at com.carrotsearch.randomizedtesting.RandomizedRunner$9.evaluate(RandomizedRunner.java:972)
	at com.carrotsearch.randomizedtesting.RandomizedRunner$10.evaluate(RandomizedRunner.java:988)
	at com.carrotsearch.randomizedtesting.rules.StatementAdapter.evaluate(StatementAdapter.java:36)
	at org.junit.rules.RunRules.evaluate(RunRules.java:20)
	at org.apache.lucene.tests.util.TestRuleSetupTeardownChained$1.evaluate(TestRuleSetupTeardownChained.java:48)
	at org.apache.lucene.tests.util.AbstractBeforeAfterRule$1.evaluate(AbstractBeforeAfterRule.java:43)
	at org.apache.lucene.tests.util.TestRuleThreadAndTestName$1.evaluate(TestRuleThreadAndTestName.java:45)
	at org.apache.lucene.tests.util.TestRuleIgnoreAfterMaxFailures$1.evaluate(TestRuleIgnoreAfterMaxFailures.java:60)
	at org.apache.lucene.tests.util.TestRuleMarkFailure$1.evaluate(TestRuleMarkFailure.java:44)
	at org.junit.rules.RunRules.evaluate(RunRules.java:20)
	at com.carrotsearch.randomizedtesting.rules.StatementAdapter.evaluate(StatementAdapter.java:36)
	at com.carrotsearch.randomizedtesting.ThreadLeakControl$StatementRunner.run(ThreadLeakControl.java:368)
	at com.carrotsearch.randomizedtesting.ThreadLeakControl.forkTimeoutingTask(ThreadLeakControl.java:817)
	at com.carrotsearch.randomizedtesting.ThreadLeakControl$3.evaluate(ThreadLeakControl.java:468)
	at com.carrotsearch.randomizedtesting.RandomizedRunner.runSingleTest(RandomizedRunner.java:947)
	at com.carrotsearch.randomizedtesting.RandomizedRunner$5.evaluate(RandomizedRunner.java:832)
	at com.carrotsearch.randomizedtesting.RandomizedRunner$6.evaluate(RandomizedRunner.java:883)
	at com.carrotsearch.randomizedtesting.RandomizedRunner$7.evaluate(RandomizedRunner.java:894)
	at org.apache.lucene.tests.util.AbstractBeforeAfterRule$1.evaluate(AbstractBeforeAfterRule.java:43)
	at com.carrotsearch.randomizedtesting.rules.StatementAdapter.evaluate(StatementAdapter.java:36)
	at org.apache.lucene.tests.util.TestRuleStoreClassName$1.evaluate(TestRuleStoreClassName.java:38)
	at com.carrotsearch.randomizedtesting.rules.NoShadowingOrOverridesOnMethodsRule$1.evaluate(NoShadowingOrOverridesOnMethodsRule.java:40)
	at com.carrotsearch.randomizedtesting.rules.NoShadowingOrOverridesOnMethodsRule$1.evaluate(NoShadowingOrOverridesOnMethodsRule.java:40)
	at com.carrotsearch.randomizedtesting.rules.StatementAdapter.evaluate(StatementAdapter.java:36)
	at com.carrotsearch.randomizedtesting.rules.StatementAdapter.evaluate(StatementAdapter.java:36)
	at org.apache.lucene.tests.util.TestRuleAssertionsRequired$1.evaluate(TestRuleAssertionsRequired.java:53)
	at org.apache.lucene.tests.util.AbstractBeforeAfterRule$1.evaluate(AbstractBeforeAfterRule.java:43)
	at org.apache.lucene.tests.util.TestRuleMarkFailure$1.evaluate(TestRuleMarkFailure.java:44)
	at org.apache.lucene.tests.util.TestRuleIgnoreAfterMaxFailures$1.evaluate(TestRuleIgnoreAfterMaxFailures.java:60)
	at org.apache.lucene.tests.util.TestRuleIgnoreTestSuites$1.evaluate(TestRuleIgnoreTestSuites.java:47)
	at org.junit.rules.RunRules.evaluate(RunRules.java:20)
	at com.carrotsearch.randomizedtesting.rules.StatementAdapter.evaluate(StatementAdapter.java:36)
	at com.carrotsearch.randomizedtesting.ThreadLeakControl$StatementRunner.run(ThreadLeakControl.java:368)
	at java.base/java.lang.Thread.run(Thread.java:1583)
</failure>
  </testcase>
  <testcase name="test {yaml=/50_tasks_delete/Test consumer deletion - Non-existent consumer}" classname="org.opensearch.consumer.ConsumerClientYamlTestSuiteIT" time="0.04">
    <failure message="java.lang.IllegalArgumentException: API [_plugins.consumer_create] should have the same name as its file [/home/fede/IdeaProjects/opensearch-crud-plugin/consumer/build/resources/yamlRestTest/rest-api-spec/api/_plugins.tasks_create.json]" type="java.lang.IllegalArgumentException">java.lang.IllegalArgumentException: API [_plugins.consumer_create] should have the same name as its file [/home/fede/IdeaProjects/opensearch-crud-plugin/consumer/build/resources/yamlRestTest/rest-api-spec/api/_plugins.tasks_create.json]
	at __randomizedtesting.SeedInfo.seed([CA4D21A15B6C1F5F:42191E7BF59072A7]:0)
	at org.opensearch.test.rest.yaml.restspec.ClientYamlSuiteRestApiParser.parse(ClientYamlSuiteRestApiParser.java:61)
	at org.opensearch.test.rest.yaml.restspec.ClientYamlSuiteRestSpec.parseSpecFile(ClientYamlSuiteRestSpec.java:130)
	at org.opensearch.test.rest.yaml.restspec.ClientYamlSuiteRestSpec.lambda$load$0(ClientYamlSuiteRestSpec.java:110)
	at java.base/java.util.stream.ForEachOps$ForEachOp$OfRef.accept(ForEachOps.java:184)
	at java.base/java.util.stream.ReferencePipeline$3$1.accept(ReferencePipeline.java:197)
	at java.base/java.util.Iterator.forEachRemaining(Iterator.java:133)
	at java.base/java.util.Spliterators$IteratorSpliterator.forEachRemaining(Spliterators.java:1939)
	at java.base/java.util.stream.AbstractPipeline.copyInto(AbstractPipeline.java:509)
	at java.base/java.util.stream.AbstractPipeline.wrapAndCopyInto(AbstractPipeline.java:499)
	at java.base/java.util.stream.ForEachOps$ForEachOp.evaluateSequential(ForEachOps.java:151)
	at java.base/java.util.stream.ForEachOps$ForEachOp$OfRef.evaluateSequential(ForEachOps.java:174)
	at java.base/java.util.stream.AbstractPipeline.evaluate(AbstractPipeline.java:234)
	at java.base/java.util.stream.ReferencePipeline.forEach(ReferencePipeline.java:596)
	at org.opensearch.test.rest.yaml.restspec.ClientYamlSuiteRestSpec.load(ClientYamlSuiteRestSpec.java:108)
	at org.opensearch.test.rest.yaml.OpenSearchClientYamlSuiteTestCase.initAndResetContext(OpenSearchClientYamlSuiteTestCase.java:144)
	at java.base/jdk.internal.reflect.DirectMethodHandleAccessor.invoke(DirectMethodHandleAccessor.java:103)
	at java.base/java.lang.reflect.Method.invoke(Method.java:580)
	at com.carrotsearch.randomizedtesting.RandomizedRunner.invoke(RandomizedRunner.java:1750)
	at com.carrotsearch.randomizedtesting.RandomizedRunner$9.evaluate(RandomizedRunner.java:972)
	at com.carrotsearch.randomizedtesting.RandomizedRunner$10.evaluate(RandomizedRunner.java:988)
	at com.carrotsearch.randomizedtesting.rules.StatementAdapter.evaluate(StatementAdapter.java:36)
	at org.junit.rules.RunRules.evaluate(RunRules.java:20)
	at org.apache.lucene.tests.util.TestRuleSetupTeardownChained$1.evaluate(TestRuleSetupTeardownChained.java:48)
	at org.apache.lucene.tests.util.AbstractBeforeAfterRule$1.evaluate(AbstractBeforeAfterRule.java:43)
	at org.apache.lucene.tests.util.TestRuleThreadAndTestName$1.evaluate(TestRuleThreadAndTestName.java:45)
	at org.apache.lucene.tests.util.TestRuleIgnoreAfterMaxFailures$1.evaluate(TestRuleIgnoreAfterMaxFailures.java:60)
	at org.apache.lucene.tests.util.TestRuleMarkFailure$1.evaluate(TestRuleMarkFailure.java:44)
	at org.junit.rules.RunRules.evaluate(RunRules.java:20)
	at com.carrotsearch.randomizedtesting.rules.StatementAdapter.evaluate(StatementAdapter.java:36)
	at com.carrotsearch.randomizedtesting.ThreadLeakControl$StatementRunner.run(ThreadLeakControl.java:368)
	at com.carrotsearch.randomizedtesting.ThreadLeakControl.forkTimeoutingTask(ThreadLeakControl.java:817)
	at com.carrotsearch.randomizedtesting.ThreadLeakControl$3.evaluate(ThreadLeakControl.java:468)
	at com.carrotsearch.randomizedtesting.RandomizedRunner.runSingleTest(RandomizedRunner.java:947)
	at com.carrotsearch.randomizedtesting.RandomizedRunner$5.evaluate(RandomizedRunner.java:832)
	at com.carrotsearch.randomizedtesting.RandomizedRunner$6.evaluate(RandomizedRunner.java:883)
	at com.carrotsearch.randomizedtesting.RandomizedRunner$7.evaluate(RandomizedRunner.java:894)
	at org.apache.lucene.tests.util.AbstractBeforeAfterRule$1.evaluate(AbstractBeforeAfterRule.java:43)
	at com.carrotsearch.randomizedtesting.rules.StatementAdapter.evaluate(StatementAdapter.java:36)
	at org.apache.lucene.tests.util.TestRuleStoreClassName$1.evaluate(TestRuleStoreClassName.java:38)
	at com.carrotsearch.randomizedtesting.rules.NoShadowingOrOverridesOnMethodsRule$1.evaluate(NoShadowingOrOverridesOnMethodsRule.java:40)
	at com.carrotsearch.randomizedtesting.rules.NoShadowingOrOverridesOnMethodsRule$1.evaluate(NoShadowingOrOverridesOnMethodsRule.java:40)
	at com.carrotsearch.randomizedtesting.rules.StatementAdapter.evaluate(StatementAdapter.java:36)
	at com.carrotsearch.randomizedtesting.rules.StatementAdapter.evaluate(StatementAdapter.java:36)
	at org.apache.lucene.tests.util.TestRuleAssertionsRequired$1.evaluate(TestRuleAssertionsRequired.java:53)
	at org.apache.lucene.tests.util.AbstractBeforeAfterRule$1.evaluate(AbstractBeforeAfterRule.java:43)
	at org.apache.lucene.tests.util.TestRuleMarkFailure$1.evaluate(TestRuleMarkFailure.java:44)
	at org.apache.lucene.tests.util.TestRuleIgnoreAfterMaxFailures$1.evaluate(TestRuleIgnoreAfterMaxFailures.java:60)
	at org.apache.lucene.tests.util.TestRuleIgnoreTestSuites$1.evaluate(TestRuleIgnoreTestSuites.java:47)
	at org.junit.rules.RunRules.evaluate(RunRules.java:20)
	at com.carrotsearch.randomizedtesting.rules.StatementAdapter.evaluate(StatementAdapter.java:36)
	at com.carrotsearch.randomizedtesting.ThreadLeakControl$StatementRunner.run(ThreadLeakControl.java:368)
	at java.base/java.lang.Thread.run(Thread.java:1583)
</failure>
  </testcase>
  <testcase name="test {yaml=/40_tasks_update/Test consumer update - Only description}" classname="org.opensearch.consumer.ConsumerClientYamlTestSuiteIT" time="0.068">
    <failure message="java.lang.IllegalArgumentException: API [_plugins.consumer_create] should have the same name as its file [/home/fede/IdeaProjects/opensearch-crud-plugin/consumer/build/resources/yamlRestTest/rest-api-spec/api/_plugins.tasks_create.json]" type="java.lang.IllegalArgumentException">java.lang.IllegalArgumentException: API [_plugins.consumer_create] should have the same name as its file [/home/fede/IdeaProjects/opensearch-crud-plugin/consumer/build/resources/yamlRestTest/rest-api-spec/api/_plugins.tasks_create.json]
	at __randomizedtesting.SeedInfo.seed([CA4D21A15B6C1F5F:42191E7BF59072A7]:0)
	at org.opensearch.test.rest.yaml.restspec.ClientYamlSuiteRestApiParser.parse(ClientYamlSuiteRestApiParser.java:61)
	at org.opensearch.test.rest.yaml.restspec.ClientYamlSuiteRestSpec.parseSpecFile(ClientYamlSuiteRestSpec.java:130)
	at org.opensearch.test.rest.yaml.restspec.ClientYamlSuiteRestSpec.lambda$load$0(ClientYamlSuiteRestSpec.java:110)
	at java.base/java.util.stream.ForEachOps$ForEachOp$OfRef.accept(ForEachOps.java:184)
	at java.base/java.util.stream.ReferencePipeline$3$1.accept(ReferencePipeline.java:197)
	at java.base/java.util.Iterator.forEachRemaining(Iterator.java:133)
	at java.base/java.util.Spliterators$IteratorSpliterator.forEachRemaining(Spliterators.java:1939)
	at java.base/java.util.stream.AbstractPipeline.copyInto(AbstractPipeline.java:509)
	at java.base/java.util.stream.AbstractPipeline.wrapAndCopyInto(AbstractPipeline.java:499)
	at java.base/java.util.stream.ForEachOps$ForEachOp.evaluateSequential(ForEachOps.java:151)
	at java.base/java.util.stream.ForEachOps$ForEachOp$OfRef.evaluateSequential(ForEachOps.java:174)
	at java.base/java.util.stream.AbstractPipeline.evaluate(AbstractPipeline.java:234)
	at java.base/java.util.stream.ReferencePipeline.forEach(ReferencePipeline.java:596)
	at org.opensearch.test.rest.yaml.restspec.ClientYamlSuiteRestSpec.load(ClientYamlSuiteRestSpec.java:108)
	at org.opensearch.test.rest.yaml.OpenSearchClientYamlSuiteTestCase.initAndResetContext(OpenSearchClientYamlSuiteTestCase.java:144)
	at java.base/jdk.internal.reflect.DirectMethodHandleAccessor.invoke(DirectMethodHandleAccessor.java:103)
	at java.base/java.lang.reflect.Method.invoke(Method.java:580)
	at com.carrotsearch.randomizedtesting.RandomizedRunner.invoke(RandomizedRunner.java:1750)
	at com.carrotsearch.randomizedtesting.RandomizedRunner$9.evaluate(RandomizedRunner.java:972)
	at com.carrotsearch.randomizedtesting.RandomizedRunner$10.evaluate(RandomizedRunner.java:988)
	at com.carrotsearch.randomizedtesting.rules.StatementAdapter.evaluate(StatementAdapter.java:36)
	at org.junit.rules.RunRules.evaluate(RunRules.java:20)
	at org.apache.lucene.tests.util.TestRuleSetupTeardownChained$1.evaluate(TestRuleSetupTeardownChained.java:48)
	at org.apache.lucene.tests.util.AbstractBeforeAfterRule$1.evaluate(AbstractBeforeAfterRule.java:43)
	at org.apache.lucene.tests.util.TestRuleThreadAndTestName$1.evaluate(TestRuleThreadAndTestName.java:45)
	at org.apache.lucene.tests.util.TestRuleIgnoreAfterMaxFailures$1.evaluate(TestRuleIgnoreAfterMaxFailures.java:60)
	at org.apache.lucene.tests.util.TestRuleMarkFailure$1.evaluate(TestRuleMarkFailure.java:44)
	at org.junit.rules.RunRules.evaluate(RunRules.java:20)
	at com.carrotsearch.randomizedtesting.rules.StatementAdapter.evaluate(StatementAdapter.java:36)
	at com.carrotsearch.randomizedtesting.ThreadLeakControl$StatementRunner.run(ThreadLeakControl.java:368)
	at com.carrotsearch.randomizedtesting.ThreadLeakControl.forkTimeoutingTask(ThreadLeakControl.java:817)
	at com.carrotsearch.randomizedtesting.ThreadLeakControl$3.evaluate(ThreadLeakControl.java:468)
	at com.carrotsearch.randomizedtesting.RandomizedRunner.runSingleTest(RandomizedRunner.java:947)
	at com.carrotsearch.randomizedtesting.RandomizedRunner$5.evaluate(RandomizedRunner.java:832)
	at com.carrotsearch.randomizedtesting.RandomizedRunner$6.evaluate(RandomizedRunner.java:883)
	at com.carrotsearch.randomizedtesting.RandomizedRunner$7.evaluate(RandomizedRunner.java:894)
	at org.apache.lucene.tests.util.AbstractBeforeAfterRule$1.evaluate(AbstractBeforeAfterRule.java:43)
	at com.carrotsearch.randomizedtesting.rules.StatementAdapter.evaluate(StatementAdapter.java:36)
	at org.apache.lucene.tests.util.TestRuleStoreClassName$1.evaluate(TestRuleStoreClassName.java:38)
	at com.carrotsearch.randomizedtesting.rules.NoShadowingOrOverridesOnMethodsRule$1.evaluate(NoShadowingOrOverridesOnMethodsRule.java:40)
	at com.carrotsearch.randomizedtesting.rules.NoShadowingOrOverridesOnMethodsRule$1.evaluate(NoShadowingOrOverridesOnMethodsRule.java:40)
	at com.carrotsearch.randomizedtesting.rules.StatementAdapter.evaluate(StatementAdapter.java:36)
	at com.carrotsearch.randomizedtesting.rules.StatementAdapter.evaluate(StatementAdapter.java:36)
	at org.apache.lucene.tests.util.TestRuleAssertionsRequired$1.evaluate(TestRuleAssertionsRequired.java:53)
	at org.apache.lucene.tests.util.AbstractBeforeAfterRule$1.evaluate(AbstractBeforeAfterRule.java:43)
	at org.apache.lucene.tests.util.TestRuleMarkFailure$1.evaluate(TestRuleMarkFailure.java:44)
	at org.apache.lucene.tests.util.TestRuleIgnoreAfterMaxFailures$1.evaluate(TestRuleIgnoreAfterMaxFailures.java:60)
	at org.apache.lucene.tests.util.TestRuleIgnoreTestSuites$1.evaluate(TestRuleIgnoreTestSuites.java:47)
	at org.junit.rules.RunRules.evaluate(RunRules.java:20)
	at com.carrotsearch.randomizedtesting.rules.StatementAdapter.evaluate(StatementAdapter.java:36)
	at com.carrotsearch.randomizedtesting.ThreadLeakControl$StatementRunner.run(ThreadLeakControl.java:368)
	at java.base/java.lang.Thread.run(Thread.java:1583)
</failure>
  </testcase>
  <testcase name="test {yaml=/30_tasks_read/Test consumer read - Existent consumer}" classname="org.opensearch.consumer.ConsumerClientYamlTestSuiteIT" time="0.054">
    <failure message="java.lang.IllegalArgumentException: API [_plugins.consumer_create] should have the same name as its file [/home/fede/IdeaProjects/opensearch-crud-plugin/consumer/build/resources/yamlRestTest/rest-api-spec/api/_plugins.tasks_create.json]" type="java.lang.IllegalArgumentException">java.lang.IllegalArgumentException: API [_plugins.consumer_create] should have the same name as its file [/home/fede/IdeaProjects/opensearch-crud-plugin/consumer/build/resources/yamlRestTest/rest-api-spec/api/_plugins.tasks_create.json]
	at __randomizedtesting.SeedInfo.seed([CA4D21A15B6C1F5F:42191E7BF59072A7]:0)
	at org.opensearch.test.rest.yaml.restspec.ClientYamlSuiteRestApiParser.parse(ClientYamlSuiteRestApiParser.java:61)
	at org.opensearch.test.rest.yaml.restspec.ClientYamlSuiteRestSpec.parseSpecFile(ClientYamlSuiteRestSpec.java:130)
	at org.opensearch.test.rest.yaml.restspec.ClientYamlSuiteRestSpec.lambda$load$0(ClientYamlSuiteRestSpec.java:110)
	at java.base/java.util.stream.ForEachOps$ForEachOp$OfRef.accept(ForEachOps.java:184)
	at java.base/java.util.stream.ReferencePipeline$3$1.accept(ReferencePipeline.java:197)
	at java.base/java.util.Iterator.forEachRemaining(Iterator.java:133)
	at java.base/java.util.Spliterators$IteratorSpliterator.forEachRemaining(Spliterators.java:1939)
	at java.base/java.util.stream.AbstractPipeline.copyInto(AbstractPipeline.java:509)
	at java.base/java.util.stream.AbstractPipeline.wrapAndCopyInto(AbstractPipeline.java:499)
	at java.base/java.util.stream.ForEachOps$ForEachOp.evaluateSequential(ForEachOps.java:151)
	at java.base/java.util.stream.ForEachOps$ForEachOp$OfRef.evaluateSequential(ForEachOps.java:174)
	at java.base/java.util.stream.AbstractPipeline.evaluate(AbstractPipeline.java:234)
	at java.base/java.util.stream.ReferencePipeline.forEach(ReferencePipeline.java:596)
	at org.opensearch.test.rest.yaml.restspec.ClientYamlSuiteRestSpec.load(ClientYamlSuiteRestSpec.java:108)
	at org.opensearch.test.rest.yaml.OpenSearchClientYamlSuiteTestCase.initAndResetContext(OpenSearchClientYamlSuiteTestCase.java:144)
	at java.base/jdk.internal.reflect.DirectMethodHandleAccessor.invoke(DirectMethodHandleAccessor.java:103)
	at java.base/java.lang.reflect.Method.invoke(Method.java:580)
	at com.carrotsearch.randomizedtesting.RandomizedRunner.invoke(RandomizedRunner.java:1750)
	at com.carrotsearch.randomizedtesting.RandomizedRunner$9.evaluate(RandomizedRunner.java:972)
	at com.carrotsearch.randomizedtesting.RandomizedRunner$10.evaluate(RandomizedRunner.java:988)
	at com.carrotsearch.randomizedtesting.rules.StatementAdapter.evaluate(StatementAdapter.java:36)
	at org.junit.rules.RunRules.evaluate(RunRules.java:20)
	at org.apache.lucene.tests.util.TestRuleSetupTeardownChained$1.evaluate(TestRuleSetupTeardownChained.java:48)
	at org.apache.lucene.tests.util.AbstractBeforeAfterRule$1.evaluate(AbstractBeforeAfterRule.java:43)
	at org.apache.lucene.tests.util.TestRuleThreadAndTestName$1.evaluate(TestRuleThreadAndTestName.java:45)
	at org.apache.lucene.tests.util.TestRuleIgnoreAfterMaxFailures$1.evaluate(TestRuleIgnoreAfterMaxFailures.java:60)
	at org.apache.lucene.tests.util.TestRuleMarkFailure$1.evaluate(TestRuleMarkFailure.java:44)
	at org.junit.rules.RunRules.evaluate(RunRules.java:20)
	at com.carrotsearch.randomizedtesting.rules.StatementAdapter.evaluate(StatementAdapter.java:36)
	at com.carrotsearch.randomizedtesting.ThreadLeakControl$StatementRunner.run(ThreadLeakControl.java:368)
	at com.carrotsearch.randomizedtesting.ThreadLeakControl.forkTimeoutingTask(ThreadLeakControl.java:817)
	at com.carrotsearch.randomizedtesting.ThreadLeakControl$3.evaluate(ThreadLeakControl.java:468)
	at com.carrotsearch.randomizedtesting.RandomizedRunner.runSingleTest(RandomizedRunner.java:947)
	at com.carrotsearch.randomizedtesting.RandomizedRunner$5.evaluate(RandomizedRunner.java:832)
	at com.carrotsearch.randomizedtesting.RandomizedRunner$6.evaluate(RandomizedRunner.java:883)
	at com.carrotsearch.randomizedtesting.RandomizedRunner$7.evaluate(RandomizedRunner.java:894)
	at org.apache.lucene.tests.util.AbstractBeforeAfterRule$1.evaluate(AbstractBeforeAfterRule.java:43)
	at com.carrotsearch.randomizedtesting.rules.StatementAdapter.evaluate(StatementAdapter.java:36)
	at org.apache.lucene.tests.util.TestRuleStoreClassName$1.evaluate(TestRuleStoreClassName.java:38)
	at com.carrotsearch.randomizedtesting.rules.NoShadowingOrOverridesOnMethodsRule$1.evaluate(NoShadowingOrOverridesOnMethodsRule.java:40)
	at com.carrotsearch.randomizedtesting.rules.NoShadowingOrOverridesOnMethodsRule$1.evaluate(NoShadowingOrOverridesOnMethodsRule.java:40)
	at com.carrotsearch.randomizedtesting.rules.StatementAdapter.evaluate(StatementAdapter.java:36)
	at com.carrotsearch.randomizedtesting.rules.StatementAdapter.evaluate(StatementAdapter.java:36)
	at org.apache.lucene.tests.util.TestRuleAssertionsRequired$1.evaluate(TestRuleAssertionsRequired.java:53)
	at org.apache.lucene.tests.util.AbstractBeforeAfterRule$1.evaluate(AbstractBeforeAfterRule.java:43)
	at org.apache.lucene.tests.util.TestRuleMarkFailure$1.evaluate(TestRuleMarkFailure.java:44)
	at org.apache.lucene.tests.util.TestRuleIgnoreAfterMaxFailures$1.evaluate(TestRuleIgnoreAfterMaxFailures.java:60)
	at org.apache.lucene.tests.util.TestRuleIgnoreTestSuites$1.evaluate(TestRuleIgnoreTestSuites.java:47)
	at org.junit.rules.RunRules.evaluate(RunRules.java:20)
	at com.carrotsearch.randomizedtesting.rules.StatementAdapter.evaluate(StatementAdapter.java:36)
	at com.carrotsearch.randomizedtesting.ThreadLeakControl$StatementRunner.run(ThreadLeakControl.java:368)
	at java.base/java.lang.Thread.run(Thread.java:1583)
</failure>
  </testcase>
  <testcase name="test {yaml=/40_tasks_update/Test consumer update - Description and status}" classname="org.opensearch.consumer.ConsumerClientYamlTestSuiteIT" time="0.043">
    <failure message="java.lang.IllegalArgumentException: API [_plugins.consumer_create] should have the same name as its file [/home/fede/IdeaProjects/opensearch-crud-plugin/consumer/build/resources/yamlRestTest/rest-api-spec/api/_plugins.tasks_create.json]" type="java.lang.IllegalArgumentException">java.lang.IllegalArgumentException: API [_plugins.consumer_create] should have the same name as its file [/home/fede/IdeaProjects/opensearch-crud-plugin/consumer/build/resources/yamlRestTest/rest-api-spec/api/_plugins.tasks_create.json]
	at __randomizedtesting.SeedInfo.seed([CA4D21A15B6C1F5F:42191E7BF59072A7]:0)
	at org.opensearch.test.rest.yaml.restspec.ClientYamlSuiteRestApiParser.parse(ClientYamlSuiteRestApiParser.java:61)
	at org.opensearch.test.rest.yaml.restspec.ClientYamlSuiteRestSpec.parseSpecFile(ClientYamlSuiteRestSpec.java:130)
	at org.opensearch.test.rest.yaml.restspec.ClientYamlSuiteRestSpec.lambda$load$0(ClientYamlSuiteRestSpec.java:110)
	at java.base/java.util.stream.ForEachOps$ForEachOp$OfRef.accept(ForEachOps.java:184)
	at java.base/java.util.stream.ReferencePipeline$3$1.accept(ReferencePipeline.java:197)
	at java.base/java.util.Iterator.forEachRemaining(Iterator.java:133)
	at java.base/java.util.Spliterators$IteratorSpliterator.forEachRemaining(Spliterators.java:1939)
	at java.base/java.util.stream.AbstractPipeline.copyInto(AbstractPipeline.java:509)
	at java.base/java.util.stream.AbstractPipeline.wrapAndCopyInto(AbstractPipeline.java:499)
	at java.base/java.util.stream.ForEachOps$ForEachOp.evaluateSequential(ForEachOps.java:151)
	at java.base/java.util.stream.ForEachOps$ForEachOp$OfRef.evaluateSequential(ForEachOps.java:174)
	at java.base/java.util.stream.AbstractPipeline.evaluate(AbstractPipeline.java:234)
	at java.base/java.util.stream.ReferencePipeline.forEach(ReferencePipeline.java:596)
	at org.opensearch.test.rest.yaml.restspec.ClientYamlSuiteRestSpec.load(ClientYamlSuiteRestSpec.java:108)
	at org.opensearch.test.rest.yaml.OpenSearchClientYamlSuiteTestCase.initAndResetContext(OpenSearchClientYamlSuiteTestCase.java:144)
	at java.base/jdk.internal.reflect.DirectMethodHandleAccessor.invoke(DirectMethodHandleAccessor.java:103)
	at java.base/java.lang.reflect.Method.invoke(Method.java:580)
	at com.carrotsearch.randomizedtesting.RandomizedRunner.invoke(RandomizedRunner.java:1750)
	at com.carrotsearch.randomizedtesting.RandomizedRunner$9.evaluate(RandomizedRunner.java:972)
	at com.carrotsearch.randomizedtesting.RandomizedRunner$10.evaluate(RandomizedRunner.java:988)
	at com.carrotsearch.randomizedtesting.rules.StatementAdapter.evaluate(StatementAdapter.java:36)
	at org.junit.rules.RunRules.evaluate(RunRules.java:20)
	at org.apache.lucene.tests.util.TestRuleSetupTeardownChained$1.evaluate(TestRuleSetupTeardownChained.java:48)
	at org.apache.lucene.tests.util.AbstractBeforeAfterRule$1.evaluate(AbstractBeforeAfterRule.java:43)
	at org.apache.lucene.tests.util.TestRuleThreadAndTestName$1.evaluate(TestRuleThreadAndTestName.java:45)
	at org.apache.lucene.tests.util.TestRuleIgnoreAfterMaxFailures$1.evaluate(TestRuleIgnoreAfterMaxFailures.java:60)
	at org.apache.lucene.tests.util.TestRuleMarkFailure$1.evaluate(TestRuleMarkFailure.java:44)
	at org.junit.rules.RunRules.evaluate(RunRules.java:20)
	at com.carrotsearch.randomizedtesting.rules.StatementAdapter.evaluate(StatementAdapter.java:36)
	at com.carrotsearch.randomizedtesting.ThreadLeakControl$StatementRunner.run(ThreadLeakControl.java:368)
	at com.carrotsearch.randomizedtesting.ThreadLeakControl.forkTimeoutingTask(ThreadLeakControl.java:817)
	at com.carrotsearch.randomizedtesting.ThreadLeakControl$3.evaluate(ThreadLeakControl.java:468)
	at com.carrotsearch.randomizedtesting.RandomizedRunner.runSingleTest(RandomizedRunner.java:947)
	at com.carrotsearch.randomizedtesting.RandomizedRunner$5.evaluate(RandomizedRunner.java:832)
	at com.carrotsearch.randomizedtesting.RandomizedRunner$6.evaluate(RandomizedRunner.java:883)
	at com.carrotsearch.randomizedtesting.RandomizedRunner$7.evaluate(RandomizedRunner.java:894)
	at org.apache.lucene.tests.util.AbstractBeforeAfterRule$1.evaluate(AbstractBeforeAfterRule.java:43)
	at com.carrotsearch.randomizedtesting.rules.StatementAdapter.evaluate(StatementAdapter.java:36)
	at org.apache.lucene.tests.util.TestRuleStoreClassName$1.evaluate(TestRuleStoreClassName.java:38)
	at com.carrotsearch.randomizedtesting.rules.NoShadowingOrOverridesOnMethodsRule$1.evaluate(NoShadowingOrOverridesOnMethodsRule.java:40)
	at com.carrotsearch.randomizedtesting.rules.NoShadowingOrOverridesOnMethodsRule$1.evaluate(NoShadowingOrOverridesOnMethodsRule.java:40)
	at com.carrotsearch.randomizedtesting.rules.StatementAdapter.evaluate(StatementAdapter.java:36)
	at com.carrotsearch.randomizedtesting.rules.StatementAdapter.evaluate(StatementAdapter.java:36)
	at org.apache.lucene.tests.util.TestRuleAssertionsRequired$1.evaluate(TestRuleAssertionsRequired.java:53)
	at org.apache.lucene.tests.util.AbstractBeforeAfterRule$1.evaluate(AbstractBeforeAfterRule.java:43)
	at org.apache.lucene.tests.util.TestRuleMarkFailure$1.evaluate(TestRuleMarkFailure.java:44)
	at org.apache.lucene.tests.util.TestRuleIgnoreAfterMaxFailures$1.evaluate(TestRuleIgnoreAfterMaxFailures.java:60)
	at org.apache.lucene.tests.util.TestRuleIgnoreTestSuites$1.evaluate(TestRuleIgnoreTestSuites.java:47)
	at org.junit.rules.RunRules.evaluate(RunRules.java:20)
	at com.carrotsearch.randomizedtesting.rules.StatementAdapter.evaluate(StatementAdapter.java:36)
	at com.carrotsearch.randomizedtesting.ThreadLeakControl$StatementRunner.run(ThreadLeakControl.java:368)
	at java.base/java.lang.Thread.run(Thread.java:1583)
</failure>
  </testcase>
  <testcase name="test {yaml=/20_tasks_create/Test consumer creation - Title, description and status}" classname="org.opensearch.consumer.ConsumerClientYamlTestSuiteIT" time="0.035">
    <failure message="java.lang.IllegalArgumentException: API [_plugins.consumer_create] should have the same name as its file [/home/fede/IdeaProjects/opensearch-crud-plugin/consumer/build/resources/yamlRestTest/rest-api-spec/api/_plugins.tasks_create.json]" type="java.lang.IllegalArgumentException">java.lang.IllegalArgumentException: API [_plugins.consumer_create] should have the same name as its file [/home/fede/IdeaProjects/opensearch-crud-plugin/consumer/build/resources/yamlRestTest/rest-api-spec/api/_plugins.tasks_create.json]
	at __randomizedtesting.SeedInfo.seed([CA4D21A15B6C1F5F:42191E7BF59072A7]:0)
	at org.opensearch.test.rest.yaml.restspec.ClientYamlSuiteRestApiParser.parse(ClientYamlSuiteRestApiParser.java:61)
	at org.opensearch.test.rest.yaml.restspec.ClientYamlSuiteRestSpec.parseSpecFile(ClientYamlSuiteRestSpec.java:130)
	at org.opensearch.test.rest.yaml.restspec.ClientYamlSuiteRestSpec.lambda$load$0(ClientYamlSuiteRestSpec.java:110)
	at java.base/java.util.stream.ForEachOps$ForEachOp$OfRef.accept(ForEachOps.java:184)
	at java.base/java.util.stream.ReferencePipeline$3$1.accept(ReferencePipeline.java:197)
	at java.base/java.util.Iterator.forEachRemaining(Iterator.java:133)
	at java.base/java.util.Spliterators$IteratorSpliterator.forEachRemaining(Spliterators.java:1939)
	at java.base/java.util.stream.AbstractPipeline.copyInto(AbstractPipeline.java:509)
	at java.base/java.util.stream.AbstractPipeline.wrapAndCopyInto(AbstractPipeline.java:499)
	at java.base/java.util.stream.ForEachOps$ForEachOp.evaluateSequential(ForEachOps.java:151)
	at java.base/java.util.stream.ForEachOps$ForEachOp$OfRef.evaluateSequential(ForEachOps.java:174)
	at java.base/java.util.stream.AbstractPipeline.evaluate(AbstractPipeline.java:234)
	at java.base/java.util.stream.ReferencePipeline.forEach(ReferencePipeline.java:596)
	at org.opensearch.test.rest.yaml.restspec.ClientYamlSuiteRestSpec.load(ClientYamlSuiteRestSpec.java:108)
	at org.opensearch.test.rest.yaml.OpenSearchClientYamlSuiteTestCase.initAndResetContext(OpenSearchClientYamlSuiteTestCase.java:144)
	at java.base/jdk.internal.reflect.DirectMethodHandleAccessor.invoke(DirectMethodHandleAccessor.java:103)
	at java.base/java.lang.reflect.Method.invoke(Method.java:580)
	at com.carrotsearch.randomizedtesting.RandomizedRunner.invoke(RandomizedRunner.java:1750)
	at com.carrotsearch.randomizedtesting.RandomizedRunner$9.evaluate(RandomizedRunner.java:972)
	at com.carrotsearch.randomizedtesting.RandomizedRunner$10.evaluate(RandomizedRunner.java:988)
	at com.carrotsearch.randomizedtesting.rules.StatementAdapter.evaluate(StatementAdapter.java:36)
	at org.junit.rules.RunRules.evaluate(RunRules.java:20)
	at org.apache.lucene.tests.util.TestRuleSetupTeardownChained$1.evaluate(TestRuleSetupTeardownChained.java:48)
	at org.apache.lucene.tests.util.AbstractBeforeAfterRule$1.evaluate(AbstractBeforeAfterRule.java:43)
	at org.apache.lucene.tests.util.TestRuleThreadAndTestName$1.evaluate(TestRuleThreadAndTestName.java:45)
	at org.apache.lucene.tests.util.TestRuleIgnoreAfterMaxFailures$1.evaluate(TestRuleIgnoreAfterMaxFailures.java:60)
	at org.apache.lucene.tests.util.TestRuleMarkFailure$1.evaluate(TestRuleMarkFailure.java:44)
	at org.junit.rules.RunRules.evaluate(RunRules.java:20)
	at com.carrotsearch.randomizedtesting.rules.StatementAdapter.evaluate(StatementAdapter.java:36)
	at com.carrotsearch.randomizedtesting.ThreadLeakControl$StatementRunner.run(ThreadLeakControl.java:368)
	at com.carrotsearch.randomizedtesting.ThreadLeakControl.forkTimeoutingTask(ThreadLeakControl.java:817)
	at com.carrotsearch.randomizedtesting.ThreadLeakControl$3.evaluate(ThreadLeakControl.java:468)
	at com.carrotsearch.randomizedtesting.RandomizedRunner.runSingleTest(RandomizedRunner.java:947)
	at com.carrotsearch.randomizedtesting.RandomizedRunner$5.evaluate(RandomizedRunner.java:832)
	at com.carrotsearch.randomizedtesting.RandomizedRunner$6.evaluate(RandomizedRunner.java:883)
	at com.carrotsearch.randomizedtesting.RandomizedRunner$7.evaluate(RandomizedRunner.java:894)
	at org.apache.lucene.tests.util.AbstractBeforeAfterRule$1.evaluate(AbstractBeforeAfterRule.java:43)
	at com.carrotsearch.randomizedtesting.rules.StatementAdapter.evaluate(StatementAdapter.java:36)
	at org.apache.lucene.tests.util.TestRuleStoreClassName$1.evaluate(TestRuleStoreClassName.java:38)
	at com.carrotsearch.randomizedtesting.rules.NoShadowingOrOverridesOnMethodsRule$1.evaluate(NoShadowingOrOverridesOnMethodsRule.java:40)
	at com.carrotsearch.randomizedtesting.rules.NoShadowingOrOverridesOnMethodsRule$1.evaluate(NoShadowingOrOverridesOnMethodsRule.java:40)
	at com.carrotsearch.randomizedtesting.rules.StatementAdapter.evaluate(StatementAdapter.java:36)
	at com.carrotsearch.randomizedtesting.rules.StatementAdapter.evaluate(StatementAdapter.java:36)
	at org.apache.lucene.tests.util.TestRuleAssertionsRequired$1.evaluate(TestRuleAssertionsRequired.java:53)
	at org.apache.lucene.tests.util.AbstractBeforeAfterRule$1.evaluate(AbstractBeforeAfterRule.java:43)
	at org.apache.lucene.tests.util.TestRuleMarkFailure$1.evaluate(TestRuleMarkFailure.java:44)
	at org.apache.lucene.tests.util.TestRuleIgnoreAfterMaxFailures$1.evaluate(TestRuleIgnoreAfterMaxFailures.java:60)
	at org.apache.lucene.tests.util.TestRuleIgnoreTestSuites$1.evaluate(TestRuleIgnoreTestSuites.java:47)
	at org.junit.rules.RunRules.evaluate(RunRules.java:20)
	at com.carrotsearch.randomizedtesting.rules.StatementAdapter.evaluate(StatementAdapter.java:36)
	at com.carrotsearch.randomizedtesting.ThreadLeakControl$StatementRunner.run(ThreadLeakControl.java:368)
	at java.base/java.lang.Thread.run(Thread.java:1583)
</failure>
  </testcase>
  <testcase name="test {yaml=/20_tasks_create/Test consumer creation - Title and description}" classname="org.opensearch.consumer.ConsumerClientYamlTestSuiteIT" time="0.04">
    <failure message="java.lang.IllegalArgumentException: API [_plugins.consumer_create] should have the same name as its file [/home/fede/IdeaProjects/opensearch-crud-plugin/consumer/build/resources/yamlRestTest/rest-api-spec/api/_plugins.tasks_create.json]" type="java.lang.IllegalArgumentException">java.lang.IllegalArgumentException: API [_plugins.consumer_create] should have the same name as its file [/home/fede/IdeaProjects/opensearch-crud-plugin/consumer/build/resources/yamlRestTest/rest-api-spec/api/_plugins.tasks_create.json]
	at __randomizedtesting.SeedInfo.seed([CA4D21A15B6C1F5F:42191E7BF59072A7]:0)
	at org.opensearch.test.rest.yaml.restspec.ClientYamlSuiteRestApiParser.parse(ClientYamlSuiteRestApiParser.java:61)
	at org.opensearch.test.rest.yaml.restspec.ClientYamlSuiteRestSpec.parseSpecFile(ClientYamlSuiteRestSpec.java:130)
	at org.opensearch.test.rest.yaml.restspec.ClientYamlSuiteRestSpec.lambda$load$0(ClientYamlSuiteRestSpec.java:110)
	at java.base/java.util.stream.ForEachOps$ForEachOp$OfRef.accept(ForEachOps.java:184)
	at java.base/java.util.stream.ReferencePipeline$3$1.accept(ReferencePipeline.java:197)
	at java.base/java.util.Iterator.forEachRemaining(Iterator.java:133)
	at java.base/java.util.Spliterators$IteratorSpliterator.forEachRemaining(Spliterators.java:1939)
	at java.base/java.util.stream.AbstractPipeline.copyInto(AbstractPipeline.java:509)
	at java.base/java.util.stream.AbstractPipeline.wrapAndCopyInto(AbstractPipeline.java:499)
	at java.base/java.util.stream.ForEachOps$ForEachOp.evaluateSequential(ForEachOps.java:151)
	at java.base/java.util.stream.ForEachOps$ForEachOp$OfRef.evaluateSequential(ForEachOps.java:174)
	at java.base/java.util.stream.AbstractPipeline.evaluate(AbstractPipeline.java:234)
	at java.base/java.util.stream.ReferencePipeline.forEach(ReferencePipeline.java:596)
	at org.opensearch.test.rest.yaml.restspec.ClientYamlSuiteRestSpec.load(ClientYamlSuiteRestSpec.java:108)
	at org.opensearch.test.rest.yaml.OpenSearchClientYamlSuiteTestCase.initAndResetContext(OpenSearchClientYamlSuiteTestCase.java:144)
	at java.base/jdk.internal.reflect.DirectMethodHandleAccessor.invoke(DirectMethodHandleAccessor.java:103)
	at java.base/java.lang.reflect.Method.invoke(Method.java:580)
	at com.carrotsearch.randomizedtesting.RandomizedRunner.invoke(RandomizedRunner.java:1750)
	at com.carrotsearch.randomizedtesting.RandomizedRunner$9.evaluate(RandomizedRunner.java:972)
	at com.carrotsearch.randomizedtesting.RandomizedRunner$10.evaluate(RandomizedRunner.java:988)
	at com.carrotsearch.randomizedtesting.rules.StatementAdapter.evaluate(StatementAdapter.java:36)
	at org.junit.rules.RunRules.evaluate(RunRules.java:20)
	at org.apache.lucene.tests.util.TestRuleSetupTeardownChained$1.evaluate(TestRuleSetupTeardownChained.java:48)
	at org.apache.lucene.tests.util.AbstractBeforeAfterRule$1.evaluate(AbstractBeforeAfterRule.java:43)
	at org.apache.lucene.tests.util.TestRuleThreadAndTestName$1.evaluate(TestRuleThreadAndTestName.java:45)
	at org.apache.lucene.tests.util.TestRuleIgnoreAfterMaxFailures$1.evaluate(TestRuleIgnoreAfterMaxFailures.java:60)
	at org.apache.lucene.tests.util.TestRuleMarkFailure$1.evaluate(TestRuleMarkFailure.java:44)
	at org.junit.rules.RunRules.evaluate(RunRules.java:20)
	at com.carrotsearch.randomizedtesting.rules.StatementAdapter.evaluate(StatementAdapter.java:36)
	at com.carrotsearch.randomizedtesting.ThreadLeakControl$StatementRunner.run(ThreadLeakControl.java:368)
	at com.carrotsearch.randomizedtesting.ThreadLeakControl.forkTimeoutingTask(ThreadLeakControl.java:817)
	at com.carrotsearch.randomizedtesting.ThreadLeakControl$3.evaluate(ThreadLeakControl.java:468)
	at com.carrotsearch.randomizedtesting.RandomizedRunner.runSingleTest(RandomizedRunner.java:947)
	at com.carrotsearch.randomizedtesting.RandomizedRunner$5.evaluate(RandomizedRunner.java:832)
	at com.carrotsearch.randomizedtesting.RandomizedRunner$6.evaluate(RandomizedRunner.java:883)
	at com.carrotsearch.randomizedtesting.RandomizedRunner$7.evaluate(RandomizedRunner.java:894)
	at org.apache.lucene.tests.util.AbstractBeforeAfterRule$1.evaluate(AbstractBeforeAfterRule.java:43)
	at com.carrotsearch.randomizedtesting.rules.StatementAdapter.evaluate(StatementAdapter.java:36)
	at org.apache.lucene.tests.util.TestRuleStoreClassName$1.evaluate(TestRuleStoreClassName.java:38)
	at com.carrotsearch.randomizedtesting.rules.NoShadowingOrOverridesOnMethodsRule$1.evaluate(NoShadowingOrOverridesOnMethodsRule.java:40)
	at com.carrotsearch.randomizedtesting.rules.NoShadowingOrOverridesOnMethodsRule$1.evaluate(NoShadowingOrOverridesOnMethodsRule.java:40)
	at com.carrotsearch.randomizedtesting.rules.StatementAdapter.evaluate(StatementAdapter.java:36)
	at com.carrotsearch.randomizedtesting.rules.StatementAdapter.evaluate(StatementAdapter.java:36)
	at org.apache.lucene.tests.util.TestRuleAssertionsRequired$1.evaluate(TestRuleAssertionsRequired.java:53)
	at org.apache.lucene.tests.util.AbstractBeforeAfterRule$1.evaluate(AbstractBeforeAfterRule.java:43)
	at org.apache.lucene.tests.util.TestRuleMarkFailure$1.evaluate(TestRuleMarkFailure.java:44)
	at org.apache.lucene.tests.util.TestRuleIgnoreAfterMaxFailures$1.evaluate(TestRuleIgnoreAfterMaxFailures.java:60)
	at org.apache.lucene.tests.util.TestRuleIgnoreTestSuites$1.evaluate(TestRuleIgnoreTestSuites.java:47)
	at org.junit.rules.RunRules.evaluate(RunRules.java:20)
	at com.carrotsearch.randomizedtesting.rules.StatementAdapter.evaluate(StatementAdapter.java:36)
	at com.carrotsearch.randomizedtesting.ThreadLeakControl$StatementRunner.run(ThreadLeakControl.java:368)
	at java.base/java.lang.Thread.run(Thread.java:1583)
</failure>
  </testcase>
  <testcase name="test {yaml=/10_basic/Test that the plugin is loaded in OpenSearch}" classname="org.opensearch.consumer.ConsumerClientYamlTestSuiteIT" time="0.035">
    <failure message="java.lang.IllegalArgumentException: API [_plugins.consumer_create] should have the same name as its file [/home/fede/IdeaProjects/opensearch-crud-plugin/consumer/build/resources/yamlRestTest/rest-api-spec/api/_plugins.tasks_create.json]" type="java.lang.IllegalArgumentException">java.lang.IllegalArgumentException: API [_plugins.consumer_create] should have the same name as its file [/home/fede/IdeaProjects/opensearch-crud-plugin/consumer/build/resources/yamlRestTest/rest-api-spec/api/_plugins.tasks_create.json]
	at __randomizedtesting.SeedInfo.seed([CA4D21A15B6C1F5F:42191E7BF59072A7]:0)
	at org.opensearch.test.rest.yaml.restspec.ClientYamlSuiteRestApiParser.parse(ClientYamlSuiteRestApiParser.java:61)
	at org.opensearch.test.rest.yaml.restspec.ClientYamlSuiteRestSpec.parseSpecFile(ClientYamlSuiteRestSpec.java:130)
	at org.opensearch.test.rest.yaml.restspec.ClientYamlSuiteRestSpec.lambda$load$0(ClientYamlSuiteRestSpec.java:110)
	at java.base/java.util.stream.ForEachOps$ForEachOp$OfRef.accept(ForEachOps.java:184)
	at java.base/java.util.stream.ReferencePipeline$3$1.accept(ReferencePipeline.java:197)
	at java.base/java.util.Iterator.forEachRemaining(Iterator.java:133)
	at java.base/java.util.Spliterators$IteratorSpliterator.forEachRemaining(Spliterators.java:1939)
	at java.base/java.util.stream.AbstractPipeline.copyInto(AbstractPipeline.java:509)
	at java.base/java.util.stream.AbstractPipeline.wrapAndCopyInto(AbstractPipeline.java:499)
	at java.base/java.util.stream.ForEachOps$ForEachOp.evaluateSequential(ForEachOps.java:151)
	at java.base/java.util.stream.ForEachOps$ForEachOp$OfRef.evaluateSequential(ForEachOps.java:174)
	at java.base/java.util.stream.AbstractPipeline.evaluate(AbstractPipeline.java:234)
	at java.base/java.util.stream.ReferencePipeline.forEach(ReferencePipeline.java:596)
	at org.opensearch.test.rest.yaml.restspec.ClientYamlSuiteRestSpec.load(ClientYamlSuiteRestSpec.java:108)
	at org.opensearch.test.rest.yaml.OpenSearchClientYamlSuiteTestCase.initAndResetContext(OpenSearchClientYamlSuiteTestCase.java:144)
	at java.base/jdk.internal.reflect.DirectMethodHandleAccessor.invoke(DirectMethodHandleAccessor.java:103)
	at java.base/java.lang.reflect.Method.invoke(Method.java:580)
	at com.carrotsearch.randomizedtesting.RandomizedRunner.invoke(RandomizedRunner.java:1750)
	at com.carrotsearch.randomizedtesting.RandomizedRunner$9.evaluate(RandomizedRunner.java:972)
	at com.carrotsearch.randomizedtesting.RandomizedRunner$10.evaluate(RandomizedRunner.java:988)
	at com.carrotsearch.randomizedtesting.rules.StatementAdapter.evaluate(StatementAdapter.java:36)
	at org.junit.rules.RunRules.evaluate(RunRules.java:20)
	at org.apache.lucene.tests.util.TestRuleSetupTeardownChained$1.evaluate(TestRuleSetupTeardownChained.java:48)
	at org.apache.lucene.tests.util.AbstractBeforeAfterRule$1.evaluate(AbstractBeforeAfterRule.java:43)
	at org.apache.lucene.tests.util.TestRuleThreadAndTestName$1.evaluate(TestRuleThreadAndTestName.java:45)
	at org.apache.lucene.tests.util.TestRuleIgnoreAfterMaxFailures$1.evaluate(TestRuleIgnoreAfterMaxFailures.java:60)
	at org.apache.lucene.tests.util.TestRuleMarkFailure$1.evaluate(TestRuleMarkFailure.java:44)
	at org.junit.rules.RunRules.evaluate(RunRules.java:20)
	at com.carrotsearch.randomizedtesting.rules.StatementAdapter.evaluate(StatementAdapter.java:36)
	at com.carrotsearch.randomizedtesting.ThreadLeakControl$StatementRunner.run(ThreadLeakControl.java:368)
	at com.carrotsearch.randomizedtesting.ThreadLeakControl.forkTimeoutingTask(ThreadLeakControl.java:817)
	at com.carrotsearch.randomizedtesting.ThreadLeakControl$3.evaluate(ThreadLeakControl.java:468)
	at com.carrotsearch.randomizedtesting.RandomizedRunner.runSingleTest(RandomizedRunner.java:947)
[...]
	at org.apache.lucene.tests.util.AbstractBeforeAfterRule$1.evaluate(AbstractBeforeAfterRule.java:43)
	at org.apache.lucene.tests.util.TestRuleThreadAndTestName$1.evaluate(TestRuleThreadAndTestName.java:45)
	at org.apache.lucene.tests.util.TestRuleIgnoreAfterMaxFailures$1.evaluate(TestRuleIgnoreAfterMaxFailures.java:60)
	at org.apache.lucene.tests.util.TestRuleMarkFailure$1.evaluate(TestRuleMarkFailure.java:44)
	at org.junit.rules.RunRules.evaluate(RunRules.java:20)
	at com.carrotsearch.randomizedtesting.rules.StatementAdapter.evaluate(StatementAdapter.java:36)
	at com.carrotsearch.randomizedtesting.ThreadLeakControl$StatementRunner.run(ThreadLeakControl.java:368)
	at com.carrotsearch.randomizedtesting.ThreadLeakControl.forkTimeoutingTask(ThreadLeakControl.java:817)
	at com.carrotsearch.randomizedtesting.ThreadLeakControl$3.evaluate(ThreadLeakControl.java:468)
	at com.carrotsearch.randomizedtesting.RandomizedRunner.runSingleTest(RandomizedRunner.java:947)
	at com.carrotsearch.randomizedtesting.RandomizedRunner$5.evaluate(RandomizedRunner.java:832)
	at com.carrotsearch.randomizedtesting.RandomizedRunner$6.evaluate(RandomizedRunner.java:883)
	at com.carrotsearch.randomizedtesting.RandomizedRunner$7.evaluate(RandomizedRunner.java:894)
	at org.apache.lucene.tests.util.AbstractBeforeAfterRule$1.evaluate(AbstractBeforeAfterRule.java:43)
	at com.carrotsearch.randomizedtesting.rules.StatementAdapter.evaluate(StatementAdapter.java:36)
	at org.apache.lucene.tests.util.TestRuleStoreClassName$1.evaluate(TestRuleStoreClassName.java:38)
	at com.carrotsearch.randomizedtesting.rules.NoShadowingOrOverridesOnMethodsRule$1.evaluate(NoShadowingOrOverridesOnMethodsRule.java:40)
	at com.carrotsearch.randomizedtesting.rules.NoShadowingOrOverridesOnMethodsRule$1.evaluate(NoShadowingOrOverridesOnMethodsRule.java:40)
	at com.carrotsearch.randomizedtesting.rules.StatementAdapter.evaluate(StatementAdapter.java:36)
	at com.carrotsearch.randomizedtesting.rules.StatementAdapter.evaluate(StatementAdapter.java:36)
	at org.apache.lucene.tests.util.TestRuleAssertionsRequired$1.evaluate(TestRuleAssertionsRequired.java:53)
	at org.apache.lucene.tests.util.AbstractBeforeAfterRule$1.evaluate(AbstractBeforeAfterRule.java:43)
	at org.apache.lucene.tests.util.TestRuleMarkFailure$1.evaluate(TestRuleMarkFailure.java:44)
	at org.apache.lucene.tests.util.TestRuleIgnoreAfterMaxFailures$1.evaluate(TestRuleIgnoreAfterMaxFailures.java:60)
	at org.apache.lucene.tests.util.TestRuleIgnoreTestSuites$1.evaluate(TestRuleIgnoreTestSuites.java:47)
	at org.junit.rules.RunRules.evaluate(RunRules.java:20)
	at com.carrotsearch.randomizedtesting.rules.StatementAdapter.evaluate(StatementAdapter.java:36)
	at com.carrotsearch.randomizedtesting.ThreadLeakControl$StatementRunner.run(ThreadLeakControl.java:368)
	at java.base/java.lang.Thread.run(Thread.java:1583)
</failure>
  </testcase>
  <testcase name="test {yaml=/50_tasks_delete/Test consumer deletion - Existent consumer}" classname="org.opensearch.consumer.ConsumerClientYamlTestSuiteIT" time="0.038">
    <failure message="java.lang.IllegalArgumentException: API [_plugins.consumer_create] should have the same name as its file [/home/fede/IdeaProjects/opensearch-crud-plugin/consumer/build/resources/yamlRestTest/rest-api-spec/api/_plugins.tasks_create.json]" type="java.lang.IllegalArgumentException">java.lang.IllegalArgumentException: API [_plugins.consumer_create] should have the same name as its file [/home/fede/IdeaProjects/opensearch-crud-plugin/consumer/build/resources/yamlRestTest/rest-api-spec/api/_plugins.tasks_create.json]
	at __randomizedtesting.SeedInfo.seed([CA4D21A15B6C1F5F:42191E7BF59072A7]:0)
	at org.opensearch.test.rest.yaml.restspec.ClientYamlSuiteRestApiParser.parse(ClientYamlSuiteRestApiParser.java:61)
	at org.opensearch.test.rest.yaml.restspec.ClientYamlSuiteRestSpec.parseSpecFile(ClientYamlSuiteRestSpec.java:130)
	at org.opensearch.test.rest.yaml.restspec.ClientYamlSuiteRestSpec.lambda$load$0(ClientYamlSuiteRestSpec.java:110)
	at java.base/java.util.stream.ForEachOps$ForEachOp$OfRef.accept(ForEachOps.java:184)
	at java.base/java.util.stream.ReferencePipeline$3$1.accept(ReferencePipeline.java:197)
	at java.base/java.util.Iterator.forEachRemaining(Iterator.java:133)
	at java.base/java.util.Spliterators$IteratorSpliterator.forEachRemaining(Spliterators.java:1939)
	at java.base/java.util.stream.AbstractPipeline.copyInto(AbstractPipeline.java:509)
	at java.base/java.util.stream.AbstractPipeline.wrapAndCopyInto(AbstractPipeline.java:499)
	at java.base/java.util.stream.ForEachOps$ForEachOp.evaluateSequential(ForEachOps.java:151)
	at java.base/java.util.stream.ForEachOps$ForEachOp$OfRef.evaluateSequential(ForEachOps.java:174)
	at java.base/java.util.stream.AbstractPipeline.evaluate(AbstractPipeline.java:234)
	at java.base/java.util.stream.ReferencePipeline.forEach(ReferencePipeline.java:596)
	at org.opensearch.test.rest.yaml.restspec.ClientYamlSuiteRestSpec.load(ClientYamlSuiteRestSpec.java:108)
	at org.opensearch.test.rest.yaml.OpenSearchClientYamlSuiteTestCase.initAndResetContext(OpenSearchClientYamlSuiteTestCase.java:144)
	at java.base/jdk.internal.reflect.DirectMethodHandleAccessor.invoke(DirectMethodHandleAccessor.java:103)
	at java.base/java.lang.reflect.Method.invoke(Method.java:580)
	at com.carrotsearch.randomizedtesting.RandomizedRunner.invoke(RandomizedRunner.java:1750)
	at com.carrotsearch.randomizedtesting.RandomizedRunner$9.evaluate(RandomizedRunner.java:972)
	at com.carrotsearch.randomizedtesting.RandomizedRunner$10.evaluate(RandomizedRunner.java:988)
	at com.carrotsearch.randomizedtesting.rules.StatementAdapter.evaluate(StatementAdapter.java:36)
	at org.junit.rules.RunRules.evaluate(RunRules.java:20)
	at org.apache.lucene.tests.util.TestRuleSetupTeardownChained$1.evaluate(TestRuleSetupTeardownChained.java:48)
	at org.apache.lucene.tests.util.AbstractBeforeAfterRule$1.evaluate(AbstractBeforeAfterRule.java:43)
	at org.apache.lucene.tests.util.TestRuleThreadAndTestName$1.evaluate(TestRuleThreadAndTestName.java:45)
	at org.apache.lucene.tests.util.TestRuleIgnoreAfterMaxFailures$1.evaluate(TestRuleIgnoreAfterMaxFailures.java:60)
	at org.apache.lucene.tests.util.TestRuleMarkFailure$1.evaluate(TestRuleMarkFailure.java:44)
	at org.junit.rules.RunRules.evaluate(RunRules.java:20)
	at com.carrotsearch.randomizedtesting.rules.StatementAdapter.evaluate(StatementAdapter.java:36)
	at com.carrotsearch.randomizedtesting.ThreadLeakControl$StatementRunner.run(ThreadLeakControl.java:368)
	at com.carrotsearch.randomizedtesting.ThreadLeakControl.forkTimeoutingTask(ThreadLeakControl.java:817)
	at com.carrotsearch.randomizedtesting.ThreadLeakControl$3.evaluate(ThreadLeakControl.java:468)
	at com.carrotsearch.randomizedtesting.RandomizedRunner.runSingleTest(RandomizedRunner.java:947)
	at com.carrotsearch.randomizedtesting.RandomizedRunner$5.evaluate(RandomizedRunner.java:832)
	at com.carrotsearch.randomizedtesting.RandomizedRunner$6.evaluate(RandomizedRunner.java:883)
	at com.carrotsearch.randomizedtesting.RandomizedRunner$7.evaluate(RandomizedRunner.java:894)
	at org.apache.lucene.tests.util.AbstractBeforeAfterRule$1.evaluate(AbstractBeforeAfterRule.java:43)
	at com.carrotsearch.randomizedtesting.rules.StatementAdapter.evaluate(StatementAdapter.java:36)
	at org.apache.lucene.tests.util.TestRuleStoreClassName$1.evaluate(TestRuleStoreClassName.java:38)
	at com.carrotsearch.randomizedtesting.rules.NoShadowingOrOverridesOnMethodsRule$1.evaluate(NoShadowingOrOverridesOnMethodsRule.java:40)
	at com.carrotsearch.randomizedtesting.rules.NoShadowingOrOverridesOnMethodsRule$1.evaluate(NoShadowingOrOverridesOnMethodsRule.java:40)
	at com.carrotsearch.randomizedtesting.rules.StatementAdapter.evaluate(StatementAdapter.java:36)
	at com.carrotsearch.randomizedtesting.rules.StatementAdapter.evaluate(StatementAdapter.java:36)
	at org.apache.lucene.tests.util.TestRuleAssertionsRequired$1.evaluate(TestRuleAssertionsRequired.java:53)
	at org.apache.lucene.tests.util.AbstractBeforeAfterRule$1.evaluate(AbstractBeforeAfterRule.java:43)
	at org.apache.lucene.tests.util.TestRuleMarkFailure$1.evaluate(TestRuleMarkFailure.java:44)
	at org.apache.lucene.tests.util.TestRuleIgnoreAfterMaxFailures$1.evaluate(TestRuleIgnoreAfterMaxFailures.java:60)
	at org.apache.lucene.tests.util.TestRuleIgnoreTestSuites$1.evaluate(TestRuleIgnoreTestSuites.java:47)
	at org.junit.rules.RunRules.evaluate(RunRules.java:20)
	at com.carrotsearch.randomizedtesting.rules.StatementAdapter.evaluate(StatementAdapter.java:36)
	at com.carrotsearch.randomizedtesting.ThreadLeakControl$StatementRunner.run(ThreadLeakControl.java:368)
	at java.base/java.lang.Thread.run(Thread.java:1583)
</failure>
  </testcase>
  <system-out><![CDATA[[2025-11-27T04:38:16,433][INFO ][o.o.c.ConsumerClientYamlTestSuiteIT] [test] [yaml=/20_tasks_create/Test consumer creation - Only title] before test
[2025-11-27T04:38:16,541][INFO ][o.o.c.ConsumerClientYamlTestSuiteIT] [test] initializing REST clients against [http://127.0.0.1:34383]
[2025-11-27T04:38:17,080][INFO ][o.o.c.ConsumerClientYamlTestSuiteIT] [test] [yaml=/20_tasks_create/Test consumer creation - Only title] after test
[2025-11-27T04:38:17,095][INFO ][o.o.c.ConsumerClientYamlTestSuiteIT] [test] [yaml=/40_tasks_update/Test consumer update - Only status] before test
[2025-11-27T04:38:17,183][INFO ][o.o.c.ConsumerClientYamlTestSuiteIT] [test] [yaml=/40_tasks_update/Test consumer update - Only status] after test
[2025-11-27T04:38:17,187][INFO ][o.o.c.ConsumerClientYamlTestSuiteIT] [test] [yaml=/40_tasks_update/Test consumer update - Non-existent consumer] before test
[2025-11-27T04:38:17,237][INFO ][o.o.c.ConsumerClientYamlTestSuiteIT] [test] [yaml=/40_tasks_update/Test consumer update - Non-existent consumer] after test
[2025-11-27T04:38:17,245][INFO ][o.o.c.ConsumerClientYamlTestSuiteIT] [test] [yaml=/30_tasks_read/Test consumer read - Non-existent consumer] before test
[2025-11-27T04:38:17,297][INFO ][o.o.c.ConsumerClientYamlTestSuiteIT] [test] [yaml=/30_tasks_read/Test consumer read - Non-existent consumer] after test
[2025-11-27T04:38:17,301][INFO ][o.o.c.ConsumerClientYamlTestSuiteIT] [test] [yaml=/40_tasks_update/Test consumer update - Title, description and status] before test
[2025-11-27T04:38:17,361][INFO ][o.o.c.ConsumerClientYamlTestSuiteIT] [test] [yaml=/40_tasks_update/Test consumer update - Title, description and status] after test
[2025-11-27T04:38:17,366][INFO ][o.o.c.ConsumerClientYamlTestSuiteIT] [test] [yaml=/40_tasks_update/Test consumer update - Only title] before test
[2025-11-27T04:38:17,423][INFO ][o.o.c.ConsumerClientYamlTestSuiteIT] [test] [yaml=/40_tasks_update/Test consumer update - Only title] after test
[2025-11-27T04:38:17,427][INFO ][o.o.c.ConsumerClientYamlTestSuiteIT] [test] [yaml=/40_tasks_update/Test consumer update - Title and status] before test
[2025-11-27T04:38:17,478][INFO ][o.o.c.ConsumerClientYamlTestSuiteIT] [test] [yaml=/40_tasks_update/Test consumer update - Title and status] after test
[2025-11-27T04:38:17,482][INFO ][o.o.c.ConsumerClientYamlTestSuiteIT] [test] [yaml=/50_tasks_delete/Test consumer deletion - Non-existent consumer] before test
[2025-11-27T04:38:17,518][INFO ][o.o.c.ConsumerClientYamlTestSuiteIT] [test] [yaml=/50_tasks_delete/Test consumer deletion - Non-existent consumer] after test
[2025-11-27T04:38:17,529][INFO ][o.o.c.ConsumerClientYamlTestSuiteIT] [test] [yaml=/40_tasks_update/Test consumer update - Only description] before test
[2025-11-27T04:38:17,586][INFO ][o.o.c.ConsumerClientYamlTestSuiteIT] [test] [yaml=/40_tasks_update/Test consumer update - Only description] after test
[2025-11-27T04:38:17,590][INFO ][o.o.c.ConsumerClientYamlTestSuiteIT] [test] [yaml=/30_tasks_read/Test consumer read - Existent consumer] before test
[2025-11-27T04:38:17,640][INFO ][o.o.c.ConsumerClientYamlTestSuiteIT] [test] [yaml=/30_tasks_read/Test consumer read - Existent consumer] after test
[2025-11-27T04:38:17,643][INFO ][o.o.c.ConsumerClientYamlTestSuiteIT] [test] [yaml=/40_tasks_update/Test consumer update - Description and status] before test
[2025-11-27T04:38:17,684][INFO ][o.o.c.ConsumerClientYamlTestSuiteIT] [test] [yaml=/40_tasks_update/Test consumer update - Description and status] after test
[2025-11-27T04:38:17,687][INFO ][o.o.c.ConsumerClientYamlTestSuiteIT] [test] [yaml=/20_tasks_create/Test consumer creation - Title, description and status] before test
[2025-11-27T04:38:17,720][INFO ][o.o.c.ConsumerClientYamlTestSuiteIT] [test] [yaml=/20_tasks_create/Test consumer creation - Title, description and status] after test
[2025-11-27T04:38:17,722][INFO ][o.o.c.ConsumerClientYamlTestSuiteIT] [test] [yaml=/20_tasks_create/Test consumer creation - Title and description] before test
[2025-11-27T04:38:17,759][INFO ][o.o.c.ConsumerClientYamlTestSuiteIT] [test] [yaml=/20_tasks_create/Test consumer creation - Title and description] after test
[2025-11-27T04:38:17,762][INFO ][o.o.c.ConsumerClientYamlTestSuiteIT] [test] [yaml=/10_basic/Test that the plugin is loaded in OpenSearch] before test
[2025-11-27T04:38:17,794][INFO ][o.o.c.ConsumerClientYamlTestSuiteIT] [test] [yaml=/10_basic/Test that the plugin is loaded in OpenSearch] after test
[2025-11-27T04:38:17,797][INFO ][o.o.c.ConsumerClientYamlTestSuiteIT] [test] [yaml=/40_tasks_update/Test consumer update - Title and description] before test
[2025-11-27T04:38:17,833][INFO ][o.o.c.ConsumerClientYamlTestSuiteIT] [test] [yaml=/40_tasks_update/Test consumer update - Title and description] after test
[2025-11-27T04:38:17,836][INFO ][o.o.c.ConsumerClientYamlTestSuiteIT] [test] [yaml=/50_tasks_delete/Test consumer deletion - Existent consumer] before test
[2025-11-27T04:38:17,872][INFO ][o.o.c.ConsumerClientYamlTestSuiteIT] [test] [yaml=/50_tasks_delete/Test consumer deletion - Existent consumer] after test
]]></system-out>
  <system-err><![CDATA[Nov 27, 2025 9:38:15 AM org.opensearch.javaagent.bootstrap.AgentPolicy setPolicy
INFO: Policy attached successfully: org.opensearch.bootstrap.BootstrapForTesting$1@1f86f7da
Nov 27, 2025 9:38:16 AM org.apache.lucene.internal.vectorization.VectorizationProvider lookup
WARNING: Java vector incubator module is not readable. For optimal vector performance, pass '--add-modules jdk.incubator.vector' to enable Vector API.
SLF4J: Failed to load class "org.slf4j.impl.StaticLoggerBinder".
SLF4J: Defaulting to no-operation (NOP) logger implementation
SLF4J: See http://www.slf4j.org/codes.html#StaticLoggerBinder for further details.
REPRODUCE WITH: ./gradlew ':consumer:yamlRestTest' --tests 'org.opensearch.consumer.ConsumerClientYamlTestSuiteIT.test {yaml=/20_tasks_create/Test consumer creation - Only title}' -Dtests.seed=CA4D21A15B6C1F5F -Dtests.security.manager=true -Dtests.locale=mt -Dtests.timezone=PST8PDT -Druntime.java=21
REPRODUCE WITH: ./gradlew ':consumer:yamlRestTest' --tests 'org.opensearch.consumer.ConsumerClientYamlTestSuiteIT.test {yaml=/40_tasks_update/Test consumer update - Only status}' -Dtests.seed=CA4D21A15B6C1F5F -Dtests.security.manager=true -Dtests.locale=mt -Dtests.timezone=PST8PDT -Druntime.java=21
REPRODUCE WITH: ./gradlew ':consumer:yamlRestTest' --tests 'org.opensearch.consumer.ConsumerClientYamlTestSuiteIT.test {yaml=/40_tasks_update/Test consumer update - Non-existent consumer}' -Dtests.seed=CA4D21A15B6C1F5F -Dtests.security.manager=true -Dtests.locale=mt -Dtests.timezone=PST8PDT -Druntime.java=21
REPRODUCE WITH: ./gradlew ':consumer:yamlRestTest' --tests 'org.opensearch.consumer.ConsumerClientYamlTestSuiteIT.test {yaml=/30_tasks_read/Test consumer read - Non-existent consumer}' -Dtests.seed=CA4D21A15B6C1F5F -Dtests.security.manager=true -Dtests.locale=mt -Dtests.timezone=PST8PDT -Druntime.java=21
REPRODUCE WITH: ./gradlew ':consumer:yamlRestTest' --tests 'org.opensearch.consumer.ConsumerClientYamlTestSuiteIT.test {yaml=/40_tasks_update/Test consumer update - Title, description and status}' -Dtests.seed=CA4D21A15B6C1F5F -Dtests.security.manager=true -Dtests.locale=mt -Dtests.timezone=PST8PDT -Druntime.java=21
REPRODUCE WITH: ./gradlew ':consumer:yamlRestTest' --tests 'org.opensearch.consumer.ConsumerClientYamlTestSuiteIT.test {yaml=/40_tasks_update/Test consumer update - Only title}' -Dtests.seed=CA4D21A15B6C1F5F -Dtests.security.manager=true -Dtests.locale=mt -Dtests.timezone=PST8PDT -Druntime.java=21
REPRODUCE WITH: ./gradlew ':consumer:yamlRestTest' --tests 'org.opensearch.consumer.ConsumerClientYamlTestSuiteIT.test {yaml=/40_tasks_update/Test consumer update - Title and status}' -Dtests.seed=CA4D21A15B6C1F5F -Dtests.security.manager=true -Dtests.locale=mt -Dtests.timezone=PST8PDT -Druntime.java=21
REPRODUCE WITH: ./gradlew ':consumer:yamlRestTest' --tests 'org.opensearch.consumer.ConsumerClientYamlTestSuiteIT.test {yaml=/50_tasks_delete/Test consumer deletion - Non-existent consumer}' -Dtests.seed=CA4D21A15B6C1F5F -Dtests.security.manager=true -Dtests.locale=mt -Dtests.timezone=PST8PDT -Druntime.java=21
REPRODUCE WITH: ./gradlew ':consumer:yamlRestTest' --tests 'org.opensearch.consumer.ConsumerClientYamlTestSuiteIT.test {yaml=/40_tasks_update/Test consumer update - Only description}' -Dtests.seed=CA4D21A15B6C1F5F -Dtests.security.manager=true -Dtests.locale=mt -Dtests.timezone=PST8PDT -Druntime.java=21
REPRODUCE WITH: ./gradlew ':consumer:yamlRestTest' --tests 'org.opensearch.consumer.ConsumerClientYamlTestSuiteIT.test {yaml=/30_tasks_read/Test consumer read - Existent consumer}' -Dtests.seed=CA4D21A15B6C1F5F -Dtests.security.manager=true -Dtests.locale=mt -Dtests.timezone=PST8PDT -Druntime.java=21
REPRODUCE WITH: ./gradlew ':consumer:yamlRestTest' --tests 'org.opensearch.consumer.ConsumerClientYamlTestSuiteIT.test {yaml=/40_tasks_update/Test consumer update - Description and status}' -Dtests.seed=CA4D21A15B6C1F5F -Dtests.security.manager=true -Dtests.locale=mt -Dtests.timezone=PST8PDT -Druntime.java=21
REPRODUCE WITH: ./gradlew ':consumer:yamlRestTest' --tests 'org.opensearch.consumer.ConsumerClientYamlTestSuiteIT.test {yaml=/20_tasks_create/Test consumer creation - Title, description and status}' -Dtests.seed=CA4D21A15B6C1F5F -Dtests.security.manager=true -Dtests.locale=mt -Dtests.timezone=PST8PDT -Druntime.java=21
REPRODUCE WITH: ./gradlew ':consumer:yamlRestTest' --tests 'org.opensearch.consumer.ConsumerClientYamlTestSuiteIT.test {yaml=/20_tasks_create/Test consumer creation - Title and description}' -Dtests.seed=CA4D21A15B6C1F5F -Dtests.security.manager=true -Dtests.locale=mt -Dtests.timezone=PST8PDT -Druntime.java=21
REPRODUCE WITH: ./gradlew ':consumer:yamlRestTest' --tests 'org.opensearch.consumer.ConsumerClientYamlTestSuiteIT.test {yaml=/10_basic/Test that the plugin is loaded in OpenSearch}' -Dtests.seed=CA4D21A15B6C1F5F -Dtests.security.manager=true -Dtests.locale=mt -Dtests.timezone=PST8PDT -Druntime.java=21
REPRODUCE WITH: ./gradlew ':consumer:yamlRestTest' --tests 'org.opensearch.consumer.ConsumerClientYamlTestSuiteIT.test {yaml=/40_tasks_update/Test consumer update - Title and description}' -Dtests.seed=CA4D21A15B6C1F5F -Dtests.security.manager=true -Dtests.locale=mt -Dtests.timezone=PST8PDT -Druntime.java=21
REPRODUCE WITH: ./gradlew ':consumer:yamlRestTest' --tests 'org.opensearch.consumer.ConsumerClientYamlTestSuiteIT.test {yaml=/50_tasks_delete/Test consumer deletion - Existent consumer}' -Dtests.seed=CA4D21A15B6C1F5F -Dtests.security.manager=true -Dtests.locale=mt -Dtests.timezone=PST8PDT -Druntime.java=21
NOTE: leaving temporary files on disk at: /home/fede/IdeaProjects/opensearch-crud-plugin/consumer/build/testrun/yamlRestTest/temp/org.opensearch.consumer.ConsumerClientYamlTestSuiteIT_CA4D21A15B6C1F5F-001
NOTE: test params are: codec=Lucene101, sim=Asserting(RandomSimilarity(queryNorm=false): {}), locale=mt, timezone=PST8PDT
NOTE: Linux 6.1.0-41-amd64 amd64/Amazon.com Inc. 21.0.7 (64-bit)/cpus=16,threads=1,free=312686656,total=536870912
NOTE: All tests run in this JVM: [ConsumerClientYamlTestSuiteIT]
]]></system-err>
</testsuite>
