<?xml version="1.0" encoding="UTF-8"?>
<testsuite name="org.opensearch.consumer.action.RestConsumerDeleteActionTests" tests="2" skipped="0" failures="0" errors="0" timestamp="2025-11-27T12:38:04" hostname="tyner" time="0.791">
  <properties/>
  <testcase name="testDeleteRequest" classname="org.opensearch.consumer.action.RestConsumerDeleteActionTests" time="0.768"/>
  <testcase name="testDeleteRequestWithoutId" classname="org.opensearch.consumer.action.RestConsumerDeleteActionTests" time="0.021"/>
  <system-out><![CDATA[[2025-11-27T08:38:04,069][INFO ][o.o.c.a.RestConsumerDeleteActionTests] [testDeleteRequest] before test
[2025-11-27T08:38:04,727][INFO ][o.o.c.a.RestConsumerDeleteActionTests] [testDeleteRequest] after test
[2025-11-27T08:38:04,799][INFO ][o.o.c.a.RestConsumerDeleteActionTests] [testDeleteRequestWithoutId] before test
[2025-11-27T08:38:04,806][INFO ][o.o.c.a.RestConsumerDeleteActionTests] [testDeleteRequestWithoutId] after test
]]></system-out>
  <system-err><![CDATA[Nov 27, 2025 9:38:03 AM org.apache.lucene.internal.vectorization.VectorizationProvider lookup
WARNING: Java vector incubator module is not readable. For optimal vector performance, pass '--add-modules jdk.incubator.vector' to enable Vector API.
SLF4J: Failed to load class "org.slf4j.impl.StaticLoggerBinder".
SLF4J: Defaulting to no-operation (NOP) logger implementation
SLF4J: See http://www.slf4j.org/codes.html#StaticLoggerBinder for further details.
]]></system-err>
</testsuite>
