<?xml version="1.0" encoding="UTF-8"?>
<testsuite name="org.opensearch.consumer.action.RestConsumerGetActionTests" tests="2" skipped="0" failures="0" errors="0" timestamp="2025-11-27T12:38:03" hostname="tyner" time="0.973">
  <properties/>
  <testcase name="testGetRequest" classname="org.opensearch.consumer.action.RestConsumerGetActionTests" time="0.949"/>
  <testcase name="testGetRequestWithoutId" classname="org.opensearch.consumer.action.RestConsumerGetActionTests" time="0.022"/>
  <system-out><![CDATA[[2025-11-27T09:38:03,218][INFO ][o.o.c.a.RestConsumerGetActionTests] [testGetRequest] before test
[2025-11-27T09:38:04,044][INFO ][o.o.c.a.RestConsumerGetActionTests] [testGetRequest] after test
[2025-11-27T09:38:04,107][INFO ][o.o.c.a.RestConsumerGetActionTests] [testGetRequestWithoutId] before test
[2025-11-27T09:38:04,122][INFO ][o.o.c.a.RestConsumerGetActionTests] [testGetRequestWithoutId] after test
]]></system-out>
  <system-err><![CDATA[Nov 27, 2025 9:38:02 AM org.apache.lucene.internal.vectorization.VectorizationProvider lookup
WARNING: Java vector incubator module is not readable. For optimal vector performance, pass '--add-modules jdk.incubator.vector' to enable Vector API.
SLF4J: Failed to load class "org.slf4j.impl.StaticLoggerBinder".
SLF4J: Defaulting to no-operation (NOP) logger implementation
SLF4J: See http://www.slf4j.org/codes.html#StaticLoggerBinder for further details.
]]></system-err>
</testsuite>
