<?xml version="1.0" encoding="UTF-8"?>
<testsuite name="org.opensearch.consumer.utils.StaticUtilsTests" tests="1" skipped="0" failures="0" errors="0" timestamp="2025-11-27T12:38:03" hostname="tyner" time="1.344">
  <properties/>
  <testcase name="testStaticNoArg" classname="org.opensearch.consumer.utils.StaticUtilsTests" time="1.344"/>
  <system-out><![CDATA[[2025-11-27T13:38:03,965][INFO ][o.o.c.u.StaticUtilsTests ] [testStaticNoArg] before test
[2025-11-27T13:38:05,254][INFO ][o.o.c.u.StaticUtilsTests ] [testStaticNoArg] after test
]]></system-out>
  <system-err><![CDATA[Nov 27, 2025 9:38:03 AM org.apache.lucene.internal.vectorization.VectorizationProvider lookup
WARNING: Java vector incubator module is not readable. For optimal vector performance, pass '--add-modules jdk.incubator.vector' to enable Vector API.
SLF4J: Failed to load class "org.slf4j.impl.StaticLoggerBinder".
SLF4J: Defaulting to no-operation (NOP) logger implementation
SLF4J: See http://www.slf4j.org/codes.html#StaticLoggerBinder for further details.
]]></system-err>
</testsuite>
